2025-07-14 09:23:28 [restartedMain] INFO  com.cmms10.Cmms10Application - Starting Cmms10Application using Java 21.0.7 with PID 31172 (C:\github\cmms10\build\classes\java\main started by polkn in C:\github\cmms10)
2025-07-14 09:23:28 [restartedMain] DEBUG com.cmms10.Cmms10Application - Running with Spring Boot v3.5.3, Spring v6.2.8
2025-07-14 09:23:28 [restartedMain] INFO  com.cmms10.Cmms10Application - No active profile set, falling back to 1 default profile: "default"
2025-07-14 09:23:28 [restartedMain] INFO  o.s.b.d.e.DevToolsPropertyDefaultsPostProcessor - Devtools property defaults active! Set 'spring.devtools.add-properties' to 'false' to disable
2025-07-14 09:23:28 [restartedMain] INFO  o.s.b.d.e.DevToolsPropertyDefaultsPostProcessor - For additional web related logging consider setting the 'logging.level.web' property to 'DEBUG'
2025-07-14 09:23:29 [restartedMain] INFO  o.s.d.r.c.RepositoryConfigurationDelegate - Bootstrapping Spring Data JPA repositories in DEFAULT mode.
2025-07-14 09:23:29 [restartedMain] INFO  o.s.d.r.c.RepositoryConfigurationDelegate - Finished Spring Data repository scanning in 85 ms. Found 16 JPA repository interfaces.
2025-07-14 09:23:29 [restartedMain] INFO  o.s.b.w.e.tomcat.TomcatWebServer - Tomcat initialized with port 8080 (http)
2025-07-14 09:23:29 [restartedMain] INFO  o.a.catalina.core.StandardService - Starting service [Tomcat]
2025-07-14 09:23:29 [restartedMain] INFO  o.a.catalina.core.StandardEngine - Starting Servlet engine: [Apache Tomcat/10.1.42]
2025-07-14 09:23:29 [restartedMain] INFO  o.a.c.c.C.[Tomcat].[localhost].[/] - Initializing Spring embedded WebApplicationContext
2025-07-14 09:23:29 [restartedMain] INFO  o.s.b.w.s.c.ServletWebServerApplicationContext - Root WebApplicationContext: initialization completed in 1149 ms
2025-07-14 09:23:29 [restartedMain] INFO  o.h.jpa.internal.util.LogHelper - HHH000204: Processing PersistenceUnitInfo [name: default]
2025-07-14 09:23:30 [restartedMain] INFO  org.hibernate.Version - HHH000412: Hibernate ORM core version 6.6.18.Final
2025-07-14 09:23:30 [restartedMain] INFO  o.h.c.i.RegionFactoryInitiator - HHH000026: Second-level cache disabled
2025-07-14 09:23:30 [restartedMain] INFO  o.s.o.j.p.SpringPersistenceUnitInfo - No LoadTimeWeaver setup: ignoring JPA class transformer
2025-07-14 09:23:30 [restartedMain] INFO  com.zaxxer.hikari.HikariDataSource - HikariPool-1 - Starting...
2025-07-14 09:23:31 [restartedMain] INFO  com.zaxxer.hikari.pool.HikariPool - HikariPool-1 - Added connection org.mariadb.jdbc.Connection@4c76136b
2025-07-14 09:23:31 [restartedMain] INFO  com.zaxxer.hikari.HikariDataSource - HikariPool-1 - Start completed.
2025-07-14 09:23:32 [restartedMain] INFO  o.hibernate.orm.connections.pooling - HHH10001005: Database info:
	Database JDBC URL [Connecting through datasource 'HikariDataSource (HikariPool-1)']
	Database driver: undefined/unknown
	Database version: 10.6.21
	Autocommit mode: undefined/unknown
	Isolation level: undefined/unknown
	Minimum pool size: undefined/unknown
	Maximum pool size: undefined/unknown
2025-07-14 09:23:35 [restartedMain] INFO  o.h.e.t.j.p.i.JtaPlatformInitiator - HHH000489: No JTA platform available (set 'hibernate.transaction.jta.platform' to enable JTA platform integration)
2025-07-14 09:23:40 [restartedMain] INFO  o.s.o.j.LocalContainerEntityManagerFactoryBean - Initialized JPA EntityManagerFactory for persistence unit 'default'
2025-07-14 09:23:41 [restartedMain] INFO  o.s.d.j.r.query.QueryEnhancerFactory - Hibernate is in classpath; If applicable, HQL parser will be used.
2025-07-14 09:23:43 [restartedMain] INFO  o.s.s.c.a.a.c.InitializeAuthenticationProviderBeanManagerConfigurer$InitializeAuthenticationProviderManagerConfigurer - Global AuthenticationManager configured with AuthenticationProvider bean with name authenticationProvider
2025-07-14 09:23:43 [restartedMain] WARN  o.s.s.c.a.a.c.InitializeUserDetailsBeanManagerConfigurer$InitializeUserDetailsManagerConfigurer - Global AuthenticationManager configured with an AuthenticationProvider bean. UserDetailsService beans will not be used by Spring Security for automatically configuring username/password login. Consider removing the AuthenticationProvider bean. Alternatively, consider using the UserDetailsService in a manually instantiated DaoAuthenticationProvider. If the current configuration is intentional, to turn off this warning, increase the logging level of 'org.springframework.security.config.annotation.authentication.configuration.InitializeUserDetailsBeanManagerConfigurer' to ERROR
2025-07-14 09:23:43 [restartedMain] DEBUG o.s.s.web.DefaultSecurityFilterChain - Will secure any request with filters: DisableEncodeUrlFilter, WebAsyncManagerIntegrationFilter, SecurityContextHolderFilter, HeaderWriterFilter, CsrfFilter, LogoutFilter, UsernamePasswordAuthenticationFilter, RequestCacheAwareFilter, SecurityContextHolderAwareRequestFilter, AnonymousAuthenticationFilter, ExceptionTranslationFilter, AuthorizationFilter
2025-07-14 09:23:44 [restartedMain] INFO  o.s.b.d.a.OptionalLiveReloadServer - LiveReload server is running on port 35729
2025-07-14 09:23:44 [restartedMain] DEBUG o.s.c.s.DefaultLifecycleProcessor - Starting beans in phase -2147483647
2025-07-14 09:23:44 [restartedMain] TRACE o.s.c.s.DefaultLifecycleProcessor - Starting bean 'springBootLoggingLifecycle' of type [org.springframework.boot.context.logging.LoggingApplicationListener$Lifecycle]
2025-07-14 09:23:44 [restartedMain] DEBUG o.s.c.s.DefaultLifecycleProcessor - Successfully started bean 'springBootLoggingLifecycle'
2025-07-14 09:23:44 [restartedMain] DEBUG o.s.c.s.DefaultLifecycleProcessor - Starting beans in phase 1073741823
2025-07-14 09:23:44 [restartedMain] DEBUG o.s.c.s.DefaultLifecycleProcessor - Starting beans in phase 2147481599
2025-07-14 09:23:44 [restartedMain] TRACE o.s.c.s.DefaultLifecycleProcessor - Starting bean 'webServerStartStop' of type [org.springframework.boot.web.servlet.context.WebServerStartStopLifecycle]
2025-07-14 09:23:44 [restartedMain] INFO  o.s.b.w.e.tomcat.TomcatWebServer - Tomcat started on port 8080 (http) with context path '/'
2025-07-14 09:23:44 [restartedMain] DEBUG o.s.c.s.DefaultLifecycleProcessor - Successfully started bean 'webServerStartStop'
2025-07-14 09:23:44 [restartedMain] DEBUG o.s.c.s.DefaultLifecycleProcessor - Starting beans in phase 2147482623
2025-07-14 09:23:44 [restartedMain] TRACE o.s.c.s.DefaultLifecycleProcessor - Starting bean 'webServerGracefulShutdown' of type [org.springframework.boot.web.context.WebServerGracefulShutdownLifecycle]
2025-07-14 09:23:44 [restartedMain] DEBUG o.s.c.s.DefaultLifecycleProcessor - Successfully started bean 'webServerGracefulShutdown'
2025-07-14 09:23:44 [restartedMain] INFO  com.cmms10.Cmms10Application - Started Cmms10Application in 16.323 seconds (process running for 16.623)
2025-07-14 09:41:55 [http-nio-8080-exec-1] INFO  o.a.c.c.C.[Tomcat].[localhost].[/] - Initializing Spring DispatcherServlet 'dispatcherServlet'
2025-07-14 09:41:55 [http-nio-8080-exec-1] INFO  o.s.web.servlet.DispatcherServlet - Initializing Servlet 'dispatcherServlet'
2025-07-14 09:41:55 [http-nio-8080-exec-1] INFO  o.s.web.servlet.DispatcherServlet - Completed initialization in 3 ms
2025-07-14 09:41:55 [http-nio-8080-exec-1] DEBUG o.s.security.web.FilterChainProxy - Securing GET /inspection/inspectionForm
2025-07-14 09:41:55 [http-nio-8080-exec-1] DEBUG o.s.s.w.a.AnonymousAuthenticationFilter - Set SecurityContextHolder to anonymous SecurityContext
2025-07-14 09:41:55 [http-nio-8080-exec-1] DEBUG o.s.s.w.s.HttpSessionRequestCache - Saved request http://localhost:8080/inspection/inspectionForm?continue to session
2025-07-14 09:41:55 [http-nio-8080-exec-1] DEBUG o.s.s.web.DefaultRedirectStrategy - Redirecting to http://localhost:8080/login
2025-07-14 09:41:55 [http-nio-8080-exec-2] DEBUG o.s.security.web.FilterChainProxy - Securing GET /login
2025-07-14 09:41:55 [http-nio-8080-exec-2] DEBUG o.s.security.web.FilterChainProxy - Secured GET /login
2025-07-14 09:41:56 [http-nio-8080-exec-2] DEBUG o.s.s.w.a.AnonymousAuthenticationFilter - Set SecurityContextHolder to anonymous SecurityContext
2025-07-14 09:42:01 [http-nio-8080-exec-3] DEBUG o.s.security.web.FilterChainProxy - Securing POST /login
2025-07-14 09:42:03 [http-nio-8080-exec-3] DEBUG o.s.s.a.d.DaoAuthenticationProvider - Authenticated user
2025-07-14 09:42:03 [http-nio-8080-exec-3] DEBUG o.s.s.w.a.s.ChangeSessionIdAuthenticationStrategy - Changed session id from 0F97AF084925A11FB0548A782B8D1281
2025-07-14 09:42:03 [http-nio-8080-exec-3] DEBUG o.s.s.w.c.CsrfAuthenticationStrategy - Replaced CSRF Token
2025-07-14 09:42:03 [http-nio-8080-exec-3] DEBUG o.s.s.w.c.HttpSessionSecurityContextRepository - Stored SecurityContextImpl [Authentication=UsernamePasswordAuthenticationToken [Principal=com.cmms10.auth.dto.CustomUserDetails [Username=ADMIN, Password=[PROTECTED], Enabled=true, AccountNonExpired=true, CredentialsNonExpired=true, AccountNonLocked=true, Granted Authorities=[test]], Credentials=[PROTECTED], Authenticated=true, Details=WebAuthenticationDetails [RemoteIpAddress=0:0:0:0:0:0:0:1, SessionId=0F97AF084925A11FB0548A782B8D1281], Granted Authorities=[test]]] to HttpSession [org.apache.catalina.session.StandardSessionFacade@621cb8be]
2025-07-14 09:42:03 [http-nio-8080-exec-3] DEBUG o.s.s.w.a.UsernamePasswordAuthenticationFilter - Set SecurityContextHolder to UsernamePasswordAuthenticationToken [Principal=com.cmms10.auth.dto.CustomUserDetails [Username=ADMIN, Password=[PROTECTED], Enabled=true, AccountNonExpired=true, CredentialsNonExpired=true, AccountNonLocked=true, Granted Authorities=[test]], Credentials=[PROTECTED], Authenticated=true, Details=WebAuthenticationDetails [RemoteIpAddress=0:0:0:0:0:0:0:1, SessionId=0F97AF084925A11FB0548A782B8D1281], Granted Authorities=[test]]
2025-07-14 09:42:03 [http-nio-8080-exec-4] DEBUG o.s.security.web.FilterChainProxy - Securing GET /memo/memoList
2025-07-14 09:42:03 [http-nio-8080-exec-4] DEBUG o.s.s.w.c.HttpSessionSecurityContextRepository - Retrieved SecurityContextImpl [Authentication=UsernamePasswordAuthenticationToken [Principal=com.cmms10.auth.dto.CustomUserDetails [Username=ADMIN, Password=[PROTECTED], Enabled=true, AccountNonExpired=true, CredentialsNonExpired=true, AccountNonLocked=true, Granted Authorities=[test]], Credentials=[PROTECTED], Authenticated=true, Details=WebAuthenticationDetails [RemoteIpAddress=0:0:0:0:0:0:0:1, SessionId=0F97AF084925A11FB0548A782B8D1281], Granted Authorities=[test]]]
2025-07-14 09:42:03 [http-nio-8080-exec-4] DEBUG o.s.security.web.FilterChainProxy - Secured GET /memo/memoList
2025-07-14 09:42:07 [http-nio-8080-exec-5] DEBUG o.s.security.web.FilterChainProxy - Securing GET /inspection/inspectionForm
2025-07-14 09:42:07 [http-nio-8080-exec-5] DEBUG o.s.s.w.c.HttpSessionSecurityContextRepository - Retrieved SecurityContextImpl [Authentication=UsernamePasswordAuthenticationToken [Principal=com.cmms10.auth.dto.CustomUserDetails [Username=ADMIN, Password=[PROTECTED], Enabled=true, AccountNonExpired=true, CredentialsNonExpired=true, AccountNonLocked=true, Granted Authorities=[test]], Credentials=[PROTECTED], Authenticated=true, Details=WebAuthenticationDetails [RemoteIpAddress=0:0:0:0:0:0:0:1, SessionId=0F97AF084925A11FB0548A782B8D1281], Granted Authorities=[test]]]
2025-07-14 09:42:07 [http-nio-8080-exec-5] DEBUG o.s.security.web.FilterChainProxy - Secured GET /inspection/inspectionForm
2025-07-14 11:16:13 [restartedMain] INFO  com.cmms10.Cmms10Application - Starting Cmms10Application using Java 21.0.7 with PID 26896 (C:\github\cmms10\build\classes\java\main started by polkn in C:\github\cmms10)
2025-07-14 11:16:13 [restartedMain] DEBUG com.cmms10.Cmms10Application - Running with Spring Boot v3.5.3, Spring v6.2.8
2025-07-14 11:16:13 [restartedMain] INFO  com.cmms10.Cmms10Application - No active profile set, falling back to 1 default profile: "default"
2025-07-14 11:16:13 [restartedMain] INFO  o.s.b.d.e.DevToolsPropertyDefaultsPostProcessor - Devtools property defaults active! Set 'spring.devtools.add-properties' to 'false' to disable
2025-07-14 11:16:13 [restartedMain] INFO  o.s.b.d.e.DevToolsPropertyDefaultsPostProcessor - For additional web related logging consider setting the 'logging.level.web' property to 'DEBUG'
2025-07-14 11:16:14 [restartedMain] INFO  o.s.d.r.c.RepositoryConfigurationDelegate - Bootstrapping Spring Data JPA repositories in DEFAULT mode.
2025-07-14 11:16:14 [restartedMain] INFO  o.s.d.r.c.RepositoryConfigurationDelegate - Finished Spring Data repository scanning in 81 ms. Found 16 JPA repository interfaces.
2025-07-14 11:16:14 [restartedMain] INFO  o.s.b.w.e.tomcat.TomcatWebServer - Tomcat initialized with port 8080 (http)
2025-07-14 11:16:14 [restartedMain] INFO  o.a.catalina.core.StandardService - Starting service [Tomcat]
2025-07-14 11:16:14 [restartedMain] INFO  o.a.catalina.core.StandardEngine - Starting Servlet engine: [Apache Tomcat/10.1.42]
2025-07-14 11:16:14 [restartedMain] INFO  o.a.c.c.C.[Tomcat].[localhost].[/] - Initializing Spring embedded WebApplicationContext
2025-07-14 11:16:14 [restartedMain] INFO  o.s.b.w.s.c.ServletWebServerApplicationContext - Root WebApplicationContext: initialization completed in 984 ms
2025-07-14 11:16:15 [restartedMain] INFO  o.h.jpa.internal.util.LogHelper - HHH000204: Processing PersistenceUnitInfo [name: default]
2025-07-14 11:16:15 [restartedMain] INFO  org.hibernate.Version - HHH000412: Hibernate ORM core version 6.6.18.Final
2025-07-14 11:16:15 [restartedMain] INFO  o.h.c.i.RegionFactoryInitiator - HHH000026: Second-level cache disabled
2025-07-14 11:16:15 [restartedMain] INFO  o.s.o.j.p.SpringPersistenceUnitInfo - No LoadTimeWeaver setup: ignoring JPA class transformer
2025-07-14 11:16:15 [restartedMain] INFO  com.zaxxer.hikari.HikariDataSource - HikariPool-1 - Starting...
2025-07-14 11:16:16 [restartedMain] INFO  com.zaxxer.hikari.pool.HikariPool - HikariPool-1 - Added connection org.mariadb.jdbc.Connection@75cd90a0
2025-07-14 11:16:16 [restartedMain] INFO  com.zaxxer.hikari.HikariDataSource - HikariPool-1 - Start completed.
2025-07-14 11:16:17 [restartedMain] INFO  o.hibernate.orm.connections.pooling - HHH10001005: Database info:
	Database JDBC URL [Connecting through datasource 'HikariDataSource (HikariPool-1)']
	Database driver: undefined/unknown
	Database version: 10.6.21
	Autocommit mode: undefined/unknown
	Isolation level: undefined/unknown
	Minimum pool size: undefined/unknown
	Maximum pool size: undefined/unknown
2025-07-14 11:16:19 [restartedMain] INFO  o.h.e.t.j.p.i.JtaPlatformInitiator - HHH000489: No JTA platform available (set 'hibernate.transaction.jta.platform' to enable JTA platform integration)
2025-07-14 11:16:24 [restartedMain] INFO  o.s.o.j.LocalContainerEntityManagerFactoryBean - Initialized JPA EntityManagerFactory for persistence unit 'default'
2025-07-14 11:16:25 [restartedMain] INFO  o.s.d.j.r.query.QueryEnhancerFactory - Hibernate is in classpath; If applicable, HQL parser will be used.
2025-07-14 11:16:26 [restartedMain] INFO  o.s.s.c.a.a.c.InitializeAuthenticationProviderBeanManagerConfigurer$InitializeAuthenticationProviderManagerConfigurer - Global AuthenticationManager configured with AuthenticationProvider bean with name authenticationProvider
2025-07-14 11:16:26 [restartedMain] WARN  o.s.s.c.a.a.c.InitializeUserDetailsBeanManagerConfigurer$InitializeUserDetailsManagerConfigurer - Global AuthenticationManager configured with an AuthenticationProvider bean. UserDetailsService beans will not be used by Spring Security for automatically configuring username/password login. Consider removing the AuthenticationProvider bean. Alternatively, consider using the UserDetailsService in a manually instantiated DaoAuthenticationProvider. If the current configuration is intentional, to turn off this warning, increase the logging level of 'org.springframework.security.config.annotation.authentication.configuration.InitializeUserDetailsBeanManagerConfigurer' to ERROR
2025-07-14 11:16:26 [restartedMain] DEBUG o.s.s.web.DefaultSecurityFilterChain - Will secure any request with filters: DisableEncodeUrlFilter, WebAsyncManagerIntegrationFilter, SecurityContextHolderFilter, HeaderWriterFilter, CsrfFilter, LogoutFilter, UsernamePasswordAuthenticationFilter, RequestCacheAwareFilter, SecurityContextHolderAwareRequestFilter, AnonymousAuthenticationFilter, ExceptionTranslationFilter, AuthorizationFilter
2025-07-14 11:16:26 [restartedMain] INFO  o.s.b.d.a.OptionalLiveReloadServer - LiveReload server is running on port 35729
2025-07-14 11:16:26 [restartedMain] DEBUG o.s.c.s.DefaultLifecycleProcessor - Starting beans in phase -2147483647
2025-07-14 11:16:26 [restartedMain] TRACE o.s.c.s.DefaultLifecycleProcessor - Starting bean 'springBootLoggingLifecycle' of type [org.springframework.boot.context.logging.LoggingApplicationListener$Lifecycle]
2025-07-14 11:16:26 [restartedMain] DEBUG o.s.c.s.DefaultLifecycleProcessor - Successfully started bean 'springBootLoggingLifecycle'
2025-07-14 11:16:26 [restartedMain] DEBUG o.s.c.s.DefaultLifecycleProcessor - Starting beans in phase 1073741823
2025-07-14 11:16:26 [restartedMain] DEBUG o.s.c.s.DefaultLifecycleProcessor - Starting beans in phase 2147481599
2025-07-14 11:16:26 [restartedMain] TRACE o.s.c.s.DefaultLifecycleProcessor - Starting bean 'webServerStartStop' of type [org.springframework.boot.web.servlet.context.WebServerStartStopLifecycle]
2025-07-14 11:16:26 [restartedMain] INFO  o.s.b.w.e.tomcat.TomcatWebServer - Tomcat started on port 8080 (http) with context path '/'
2025-07-14 11:16:26 [restartedMain] DEBUG o.s.c.s.DefaultLifecycleProcessor - Successfully started bean 'webServerStartStop'
2025-07-14 11:16:26 [restartedMain] DEBUG o.s.c.s.DefaultLifecycleProcessor - Starting beans in phase 2147482623
2025-07-14 11:16:26 [restartedMain] TRACE o.s.c.s.DefaultLifecycleProcessor - Starting bean 'webServerGracefulShutdown' of type [org.springframework.boot.web.context.WebServerGracefulShutdownLifecycle]
2025-07-14 11:16:26 [restartedMain] DEBUG o.s.c.s.DefaultLifecycleProcessor - Successfully started bean 'webServerGracefulShutdown'
2025-07-14 11:16:26 [restartedMain] INFO  com.cmms10.Cmms10Application - Started Cmms10Application in 13.31 seconds (process running for 13.608)
2025-07-14 11:18:55 [http-nio-8080-exec-1] INFO  o.a.c.c.C.[Tomcat].[localhost].[/] - Initializing Spring DispatcherServlet 'dispatcherServlet'
2025-07-14 11:18:55 [http-nio-8080-exec-1] INFO  o.s.web.servlet.DispatcherServlet - Initializing Servlet 'dispatcherServlet'
2025-07-14 11:18:55 [http-nio-8080-exec-1] INFO  o.s.web.servlet.DispatcherServlet - Completed initialization in 2 ms
2025-07-14 11:18:55 [http-nio-8080-exec-1] DEBUG o.s.security.web.FilterChainProxy - Securing GET /
2025-07-14 11:18:55 [http-nio-8080-exec-1] DEBUG o.s.security.web.FilterChainProxy - Secured GET /
2025-07-14 11:18:55 [http-nio-8080-exec-1] DEBUG o.s.s.w.a.AnonymousAuthenticationFilter - Set SecurityContextHolder to anonymous SecurityContext
2025-07-14 11:18:55 [http-nio-8080-exec-4] DEBUG o.s.security.web.FilterChainProxy - Securing GET /login
2025-07-14 11:18:55 [http-nio-8080-exec-4] DEBUG o.s.security.web.FilterChainProxy - Secured GET /login
2025-07-14 11:18:56 [http-nio-8080-exec-4] DEBUG o.s.s.w.a.AnonymousAuthenticationFilter - Set SecurityContextHolder to anonymous SecurityContext
2025-07-14 11:18:56 [http-nio-8080-exec-5] DEBUG o.s.security.web.FilterChainProxy - Securing GET /favicon.ico
2025-07-14 11:18:56 [http-nio-8080-exec-5] DEBUG o.s.security.web.FilterChainProxy - Secured GET /favicon.ico
2025-07-14 11:18:56 [http-nio-8080-exec-5] DEBUG o.s.s.w.a.AnonymousAuthenticationFilter - Set SecurityContextHolder to anonymous SecurityContext
2025-07-14 11:18:56 [http-nio-8080-exec-5] DEBUG o.s.security.web.FilterChainProxy - Securing GET /error
2025-07-14 11:18:56 [http-nio-8080-exec-5] DEBUG o.s.security.web.FilterChainProxy - Secured GET /error
2025-07-14 11:18:56 [http-nio-8080-exec-5] DEBUG o.s.s.w.a.AnonymousAuthenticationFilter - Set SecurityContextHolder to anonymous SecurityContext
2025-07-14 11:19:00 [http-nio-8080-exec-6] DEBUG o.s.security.web.FilterChainProxy - Securing POST /login
2025-07-14 11:19:02 [http-nio-8080-exec-6] DEBUG o.s.s.a.d.DaoAuthenticationProvider - Authenticated user
2025-07-14 11:19:02 [http-nio-8080-exec-6] DEBUG o.s.s.w.a.s.ChangeSessionIdAuthenticationStrategy - Changed session id from 773C225433A2EFCF6541E81552B675B4
2025-07-14 11:19:02 [http-nio-8080-exec-6] DEBUG o.s.s.w.c.CsrfAuthenticationStrategy - Replaced CSRF Token
2025-07-14 11:19:02 [http-nio-8080-exec-6] DEBUG o.s.s.w.c.HttpSessionSecurityContextRepository - Stored SecurityContextImpl [Authentication=UsernamePasswordAuthenticationToken [Principal=com.cmms10.auth.dto.CustomUserDetails [Username=ADMIN, Password=[PROTECTED], Enabled=true, AccountNonExpired=true, CredentialsNonExpired=true, AccountNonLocked=true, Granted Authorities=[test]], Credentials=[PROTECTED], Authenticated=true, Details=WebAuthenticationDetails [RemoteIpAddress=0:0:0:0:0:0:0:1, SessionId=773C225433A2EFCF6541E81552B675B4], Granted Authorities=[test]]] to HttpSession [org.apache.catalina.session.StandardSessionFacade@6dcd5f11]
2025-07-14 11:19:02 [http-nio-8080-exec-6] DEBUG o.s.s.w.a.UsernamePasswordAuthenticationFilter - Set SecurityContextHolder to UsernamePasswordAuthenticationToken [Principal=com.cmms10.auth.dto.CustomUserDetails [Username=ADMIN, Password=[PROTECTED], Enabled=true, AccountNonExpired=true, CredentialsNonExpired=true, AccountNonLocked=true, Granted Authorities=[test]], Credentials=[PROTECTED], Authenticated=true, Details=WebAuthenticationDetails [RemoteIpAddress=0:0:0:0:0:0:0:1, SessionId=773C225433A2EFCF6541E81552B675B4], Granted Authorities=[test]]
2025-07-14 11:19:02 [http-nio-8080-exec-7] DEBUG o.s.security.web.FilterChainProxy - Securing GET /memo/memoList
2025-07-14 11:19:02 [http-nio-8080-exec-7] DEBUG o.s.s.w.c.HttpSessionSecurityContextRepository - Retrieved SecurityContextImpl [Authentication=UsernamePasswordAuthenticationToken [Principal=com.cmms10.auth.dto.CustomUserDetails [Username=ADMIN, Password=[PROTECTED], Enabled=true, AccountNonExpired=true, CredentialsNonExpired=true, AccountNonLocked=true, Granted Authorities=[test]], Credentials=[PROTECTED], Authenticated=true, Details=WebAuthenticationDetails [RemoteIpAddress=0:0:0:0:0:0:0:1, SessionId=773C225433A2EFCF6541E81552B675B4], Granted Authorities=[test]]]
2025-07-14 11:19:02 [http-nio-8080-exec-7] DEBUG o.s.security.web.FilterChainProxy - Secured GET /memo/memoList
2025-07-14 11:29:09 [http-nio-8080-exec-10] DEBUG o.s.security.web.FilterChainProxy - Securing GET /funcMaster/funcMasterForm
2025-07-14 11:29:09 [http-nio-8080-exec-10] DEBUG o.s.s.w.c.HttpSessionSecurityContextRepository - Retrieved SecurityContextImpl [Authentication=UsernamePasswordAuthenticationToken [Principal=com.cmms10.auth.dto.CustomUserDetails [Username=ADMIN, Password=[PROTECTED], Enabled=true, AccountNonExpired=true, CredentialsNonExpired=true, AccountNonLocked=true, Granted Authorities=[test]], Credentials=[PROTECTED], Authenticated=true, Details=WebAuthenticationDetails [RemoteIpAddress=0:0:0:0:0:0:0:1, SessionId=773C225433A2EFCF6541E81552B675B4], Granted Authorities=[test]]]
2025-07-14 11:29:09 [http-nio-8080-exec-10] DEBUG o.s.security.web.FilterChainProxy - Secured GET /funcMaster/funcMasterForm
2025-07-14 11:29:27 [http-nio-8080-exec-2] DEBUG o.s.security.web.FilterChainProxy - Securing POST /funcMaster/funcMasterSave
2025-07-14 11:29:27 [http-nio-8080-exec-2] DEBUG o.s.s.w.c.HttpSessionSecurityContextRepository - Retrieved SecurityContextImpl [Authentication=UsernamePasswordAuthenticationToken [Principal=com.cmms10.auth.dto.CustomUserDetails [Username=ADMIN, Password=[PROTECTED], Enabled=true, AccountNonExpired=true, CredentialsNonExpired=true, AccountNonLocked=true, Granted Authorities=[test]], Credentials=[PROTECTED], Authenticated=true, Details=WebAuthenticationDetails [RemoteIpAddress=0:0:0:0:0:0:0:1, SessionId=773C225433A2EFCF6541E81552B675B4], Granted Authorities=[test]]]
2025-07-14 11:29:27 [http-nio-8080-exec-2] DEBUG o.s.security.web.FilterChainProxy - Secured POST /funcMaster/funcMasterSave
2025-07-14 11:29:29 [http-nio-8080-exec-1] DEBUG o.s.security.web.FilterChainProxy - Securing GET /funcMaster/funcMasterList
2025-07-14 11:29:29 [http-nio-8080-exec-1] DEBUG o.s.s.w.c.HttpSessionSecurityContextRepository - Retrieved SecurityContextImpl [Authentication=UsernamePasswordAuthenticationToken [Principal=com.cmms10.auth.dto.CustomUserDetails [Username=ADMIN, Password=[PROTECTED], Enabled=true, AccountNonExpired=true, CredentialsNonExpired=true, AccountNonLocked=true, Granted Authorities=[test]], Credentials=[PROTECTED], Authenticated=true, Details=WebAuthenticationDetails [RemoteIpAddress=0:0:0:0:0:0:0:1, SessionId=773C225433A2EFCF6541E81552B675B4], Granted Authorities=[test]]]
2025-07-14 11:29:29 [http-nio-8080-exec-1] DEBUG o.s.security.web.FilterChainProxy - Secured GET /funcMaster/funcMasterList
2025-07-14 11:29:33 [http-nio-8080-exec-3] DEBUG o.s.security.web.FilterChainProxy - Securing POST /funcMaster/funcMasterDelete/ASSET/C0001
2025-07-14 11:29:33 [http-nio-8080-exec-3] DEBUG o.s.s.w.c.HttpSessionSecurityContextRepository - Retrieved SecurityContextImpl [Authentication=UsernamePasswordAuthenticationToken [Principal=com.cmms10.auth.dto.CustomUserDetails [Username=ADMIN, Password=[PROTECTED], Enabled=true, AccountNonExpired=true, CredentialsNonExpired=true, AccountNonLocked=true, Granted Authorities=[test]], Credentials=[PROTECTED], Authenticated=true, Details=WebAuthenticationDetails [RemoteIpAddress=0:0:0:0:0:0:0:1, SessionId=773C225433A2EFCF6541E81552B675B4], Granted Authorities=[test]]]
2025-07-14 11:29:33 [http-nio-8080-exec-3] DEBUG o.s.security.web.FilterChainProxy - Secured POST /funcMaster/funcMasterDelete/ASSET/C0001
2025-07-14 11:29:34 [http-nio-8080-exec-4] DEBUG o.s.security.web.FilterChainProxy - Securing GET /funcMaster/funcMasterList
2025-07-14 11:29:34 [http-nio-8080-exec-4] DEBUG o.s.s.w.c.HttpSessionSecurityContextRepository - Retrieved SecurityContextImpl [Authentication=UsernamePasswordAuthenticationToken [Principal=com.cmms10.auth.dto.CustomUserDetails [Username=ADMIN, Password=[PROTECTED], Enabled=true, AccountNonExpired=true, CredentialsNonExpired=true, AccountNonLocked=true, Granted Authorities=[test]], Credentials=[PROTECTED], Authenticated=true, Details=WebAuthenticationDetails [RemoteIpAddress=0:0:0:0:0:0:0:1, SessionId=773C225433A2EFCF6541E81552B675B4], Granted Authorities=[test]]]
2025-07-14 11:29:34 [http-nio-8080-exec-4] DEBUG o.s.security.web.FilterChainProxy - Secured GET /funcMaster/funcMasterList
2025-07-14 11:29:36 [http-nio-8080-exec-5] DEBUG o.s.security.web.FilterChainProxy - Securing GET /funcMaster/funcMasterForm
2025-07-14 11:29:36 [http-nio-8080-exec-5] DEBUG o.s.s.w.c.HttpSessionSecurityContextRepository - Retrieved SecurityContextImpl [Authentication=UsernamePasswordAuthenticationToken [Principal=com.cmms10.auth.dto.CustomUserDetails [Username=ADMIN, Password=[PROTECTED], Enabled=true, AccountNonExpired=true, CredentialsNonExpired=true, AccountNonLocked=true, Granted Authorities=[test]], Credentials=[PROTECTED], Authenticated=true, Details=WebAuthenticationDetails [RemoteIpAddress=0:0:0:0:0:0:0:1, SessionId=773C225433A2EFCF6541E81552B675B4], Granted Authorities=[test]]]
2025-07-14 11:29:36 [http-nio-8080-exec-5] DEBUG o.s.security.web.FilterChainProxy - Secured GET /funcMaster/funcMasterForm
2025-07-14 11:29:44 [http-nio-8080-exec-6] DEBUG o.s.security.web.FilterChainProxy - Securing POST /funcMaster/funcMasterSave
2025-07-14 11:29:44 [http-nio-8080-exec-6] DEBUG o.s.s.w.c.HttpSessionSecurityContextRepository - Retrieved SecurityContextImpl [Authentication=UsernamePasswordAuthenticationToken [Principal=com.cmms10.auth.dto.CustomUserDetails [Username=ADMIN, Password=[PROTECTED], Enabled=true, AccountNonExpired=true, CredentialsNonExpired=true, AccountNonLocked=true, Granted Authorities=[test]], Credentials=[PROTECTED], Authenticated=true, Details=WebAuthenticationDetails [RemoteIpAddress=0:0:0:0:0:0:0:1, SessionId=773C225433A2EFCF6541E81552B675B4], Granted Authorities=[test]]]
2025-07-14 11:29:44 [http-nio-8080-exec-6] DEBUG o.s.security.web.FilterChainProxy - Secured POST /funcMaster/funcMasterSave
2025-07-14 11:29:45 [http-nio-8080-exec-7] DEBUG o.s.security.web.FilterChainProxy - Securing GET /funcMaster/funcMasterList
2025-07-14 11:29:45 [http-nio-8080-exec-7] DEBUG o.s.s.w.c.HttpSessionSecurityContextRepository - Retrieved SecurityContextImpl [Authentication=UsernamePasswordAuthenticationToken [Principal=com.cmms10.auth.dto.CustomUserDetails [Username=ADMIN, Password=[PROTECTED], Enabled=true, AccountNonExpired=true, CredentialsNonExpired=true, AccountNonLocked=true, Granted Authorities=[test]], Credentials=[PROTECTED], Authenticated=true, Details=WebAuthenticationDetails [RemoteIpAddress=0:0:0:0:0:0:0:1, SessionId=773C225433A2EFCF6541E81552B675B4], Granted Authorities=[test]]]
2025-07-14 11:29:45 [http-nio-8080-exec-7] DEBUG o.s.security.web.FilterChainProxy - Secured GET /funcMaster/funcMasterList
2025-07-14 11:29:47 [http-nio-8080-exec-8] DEBUG o.s.security.web.FilterChainProxy - Securing GET /funcMaster/funcMasterForm/ASSET/C0001
2025-07-14 11:29:47 [http-nio-8080-exec-8] DEBUG o.s.s.w.c.HttpSessionSecurityContextRepository - Retrieved SecurityContextImpl [Authentication=UsernamePasswordAuthenticationToken [Principal=com.cmms10.auth.dto.CustomUserDetails [Username=ADMIN, Password=[PROTECTED], Enabled=true, AccountNonExpired=true, CredentialsNonExpired=true, AccountNonLocked=true, Granted Authorities=[test]], Credentials=[PROTECTED], Authenticated=true, Details=WebAuthenticationDetails [RemoteIpAddress=0:0:0:0:0:0:0:1, SessionId=773C225433A2EFCF6541E81552B675B4], Granted Authorities=[test]]]
2025-07-14 11:29:47 [http-nio-8080-exec-8] DEBUG o.s.security.web.FilterChainProxy - Secured GET /funcMaster/funcMasterForm/ASSET/C0001
2025-07-14 11:29:49 [http-nio-8080-exec-9] DEBUG o.s.security.web.FilterChainProxy - Securing POST /funcMaster/funcMasterSave
2025-07-14 11:29:49 [http-nio-8080-exec-9] DEBUG o.s.s.w.c.HttpSessionSecurityContextRepository - Retrieved SecurityContextImpl [Authentication=UsernamePasswordAuthenticationToken [Principal=com.cmms10.auth.dto.CustomUserDetails [Username=ADMIN, Password=[PROTECTED], Enabled=true, AccountNonExpired=true, CredentialsNonExpired=true, AccountNonLocked=true, Granted Authorities=[test]], Credentials=[PROTECTED], Authenticated=true, Details=WebAuthenticationDetails [RemoteIpAddress=0:0:0:0:0:0:0:1, SessionId=773C225433A2EFCF6541E81552B675B4], Granted Authorities=[test]]]
2025-07-14 11:29:49 [http-nio-8080-exec-9] DEBUG o.s.security.web.FilterChainProxy - Secured POST /funcMaster/funcMasterSave
2025-07-14 11:29:51 [http-nio-8080-exec-10] DEBUG o.s.security.web.FilterChainProxy - Securing GET /funcMaster/funcMasterList
2025-07-14 11:29:51 [http-nio-8080-exec-10] DEBUG o.s.s.w.c.HttpSessionSecurityContextRepository - Retrieved SecurityContextImpl [Authentication=UsernamePasswordAuthenticationToken [Principal=com.cmms10.auth.dto.CustomUserDetails [Username=ADMIN, Password=[PROTECTED], Enabled=true, AccountNonExpired=true, CredentialsNonExpired=true, AccountNonLocked=true, Granted Authorities=[test]], Credentials=[PROTECTED], Authenticated=true, Details=WebAuthenticationDetails [RemoteIpAddress=0:0:0:0:0:0:0:1, SessionId=773C225433A2EFCF6541E81552B675B4], Granted Authorities=[test]]]
2025-07-14 11:29:51 [http-nio-8080-exec-10] DEBUG o.s.security.web.FilterChainProxy - Secured GET /funcMaster/funcMasterList
2025-07-14 11:29:55 [http-nio-8080-exec-2] DEBUG o.s.security.web.FilterChainProxy - Securing GET /funcMaster/funcMasterForm
2025-07-14 11:29:55 [http-nio-8080-exec-2] DEBUG o.s.s.w.c.HttpSessionSecurityContextRepository - Retrieved SecurityContextImpl [Authentication=UsernamePasswordAuthenticationToken [Principal=com.cmms10.auth.dto.CustomUserDetails [Username=ADMIN, Password=[PROTECTED], Enabled=true, AccountNonExpired=true, CredentialsNonExpired=true, AccountNonLocked=true, Granted Authorities=[test]], Credentials=[PROTECTED], Authenticated=true, Details=WebAuthenticationDetails [RemoteIpAddress=0:0:0:0:0:0:0:1, SessionId=773C225433A2EFCF6541E81552B675B4], Granted Authorities=[test]]]
2025-07-14 11:29:55 [http-nio-8080-exec-2] DEBUG o.s.security.web.FilterChainProxy - Secured GET /funcMaster/funcMasterForm
2025-07-14 11:30:08 [http-nio-8080-exec-1] DEBUG o.s.security.web.FilterChainProxy - Securing POST /funcMaster/funcMasterSave
2025-07-14 11:30:08 [http-nio-8080-exec-1] DEBUG o.s.s.w.c.HttpSessionSecurityContextRepository - Retrieved SecurityContextImpl [Authentication=UsernamePasswordAuthenticationToken [Principal=com.cmms10.auth.dto.CustomUserDetails [Username=ADMIN, Password=[PROTECTED], Enabled=true, AccountNonExpired=true, CredentialsNonExpired=true, AccountNonLocked=true, Granted Authorities=[test]], Credentials=[PROTECTED], Authenticated=true, Details=WebAuthenticationDetails [RemoteIpAddress=0:0:0:0:0:0:0:1, SessionId=773C225433A2EFCF6541E81552B675B4], Granted Authorities=[test]]]
2025-07-14 11:30:08 [http-nio-8080-exec-1] DEBUG o.s.security.web.FilterChainProxy - Secured POST /funcMaster/funcMasterSave
2025-07-14 11:30:09 [http-nio-8080-exec-4] DEBUG o.s.security.web.FilterChainProxy - Securing GET /funcMaster/funcMasterList
2025-07-14 11:30:09 [http-nio-8080-exec-4] DEBUG o.s.s.w.c.HttpSessionSecurityContextRepository - Retrieved SecurityContextImpl [Authentication=UsernamePasswordAuthenticationToken [Principal=com.cmms10.auth.dto.CustomUserDetails [Username=ADMIN, Password=[PROTECTED], Enabled=true, AccountNonExpired=true, CredentialsNonExpired=true, AccountNonLocked=true, Granted Authorities=[test]], Credentials=[PROTECTED], Authenticated=true, Details=WebAuthenticationDetails [RemoteIpAddress=0:0:0:0:0:0:0:1, SessionId=773C225433A2EFCF6541E81552B675B4], Granted Authorities=[test]]]
2025-07-14 11:30:09 [http-nio-8080-exec-4] DEBUG o.s.security.web.FilterChainProxy - Secured GET /funcMaster/funcMasterList
2025-07-14 11:30:27 [http-nio-8080-exec-5] DEBUG o.s.security.web.FilterChainProxy - Securing GET /funcMaster/funcMasterForm
2025-07-14 11:30:27 [http-nio-8080-exec-5] DEBUG o.s.s.w.c.HttpSessionSecurityContextRepository - Retrieved SecurityContextImpl [Authentication=UsernamePasswordAuthenticationToken [Principal=com.cmms10.auth.dto.CustomUserDetails [Username=ADMIN, Password=[PROTECTED], Enabled=true, AccountNonExpired=true, CredentialsNonExpired=true, AccountNonLocked=true, Granted Authorities=[test]], Credentials=[PROTECTED], Authenticated=true, Details=WebAuthenticationDetails [RemoteIpAddress=0:0:0:0:0:0:0:1, SessionId=773C225433A2EFCF6541E81552B675B4], Granted Authorities=[test]]]
2025-07-14 11:30:27 [http-nio-8080-exec-5] DEBUG o.s.security.web.FilterChainProxy - Secured GET /funcMaster/funcMasterForm
2025-07-14 11:30:39 [http-nio-8080-exec-6] DEBUG o.s.security.web.FilterChainProxy - Securing POST /funcMaster/funcMasterSave
2025-07-14 11:30:39 [http-nio-8080-exec-6] DEBUG o.s.s.w.c.HttpSessionSecurityContextRepository - Retrieved SecurityContextImpl [Authentication=UsernamePasswordAuthenticationToken [Principal=com.cmms10.auth.dto.CustomUserDetails [Username=ADMIN, Password=[PROTECTED], Enabled=true, AccountNonExpired=true, CredentialsNonExpired=true, AccountNonLocked=true, Granted Authorities=[test]], Credentials=[PROTECTED], Authenticated=true, Details=WebAuthenticationDetails [RemoteIpAddress=0:0:0:0:0:0:0:1, SessionId=773C225433A2EFCF6541E81552B675B4], Granted Authorities=[test]]]
2025-07-14 11:30:39 [http-nio-8080-exec-6] DEBUG o.s.security.web.FilterChainProxy - Secured POST /funcMaster/funcMasterSave
2025-07-14 11:30:40 [http-nio-8080-exec-7] DEBUG o.s.security.web.FilterChainProxy - Securing GET /funcMaster/funcMasterList
2025-07-14 11:30:40 [http-nio-8080-exec-7] DEBUG o.s.s.w.c.HttpSessionSecurityContextRepository - Retrieved SecurityContextImpl [Authentication=UsernamePasswordAuthenticationToken [Principal=com.cmms10.auth.dto.CustomUserDetails [Username=ADMIN, Password=[PROTECTED], Enabled=true, AccountNonExpired=true, CredentialsNonExpired=true, AccountNonLocked=true, Granted Authorities=[test]], Credentials=[PROTECTED], Authenticated=true, Details=WebAuthenticationDetails [RemoteIpAddress=0:0:0:0:0:0:0:1, SessionId=773C225433A2EFCF6541E81552B675B4], Granted Authorities=[test]]]
2025-07-14 11:30:40 [http-nio-8080-exec-7] DEBUG o.s.security.web.FilterChainProxy - Secured GET /funcMaster/funcMasterList
2025-07-14 11:31:02 [http-nio-8080-exec-8] DEBUG o.s.security.web.FilterChainProxy - Securing GET /commonCode/commonCodeList
2025-07-14 11:31:02 [http-nio-8080-exec-8] DEBUG o.s.s.w.c.HttpSessionSecurityContextRepository - Retrieved SecurityContextImpl [Authentication=UsernamePasswordAuthenticationToken [Principal=com.cmms10.auth.dto.CustomUserDetails [Username=ADMIN, Password=[PROTECTED], Enabled=true, AccountNonExpired=true, CredentialsNonExpired=true, AccountNonLocked=true, Granted Authorities=[test]], Credentials=[PROTECTED], Authenticated=true, Details=WebAuthenticationDetails [RemoteIpAddress=0:0:0:0:0:0:0:1, SessionId=773C225433A2EFCF6541E81552B675B4], Granted Authorities=[test]]]
2025-07-14 11:31:02 [http-nio-8080-exec-8] DEBUG o.s.security.web.FilterChainProxy - Secured GET /commonCode/commonCodeList
2025-07-14 11:31:05 [http-nio-8080-exec-9] DEBUG o.s.security.web.FilterChainProxy - Securing GET /commonCode/commonCodeForm
2025-07-14 11:31:05 [http-nio-8080-exec-9] DEBUG o.s.s.w.c.HttpSessionSecurityContextRepository - Retrieved SecurityContextImpl [Authentication=UsernamePasswordAuthenticationToken [Principal=com.cmms10.auth.dto.CustomUserDetails [Username=ADMIN, Password=[PROTECTED], Enabled=true, AccountNonExpired=true, CredentialsNonExpired=true, AccountNonLocked=true, Granted Authorities=[test]], Credentials=[PROTECTED], Authenticated=true, Details=WebAuthenticationDetails [RemoteIpAddress=0:0:0:0:0:0:0:1, SessionId=773C225433A2EFCF6541E81552B675B4], Granted Authorities=[test]]]
2025-07-14 11:31:05 [http-nio-8080-exec-9] DEBUG o.s.security.web.FilterChainProxy - Secured GET /commonCode/commonCodeForm
2025-07-14 11:31:18 [http-nio-8080-exec-10] DEBUG o.s.security.web.FilterChainProxy - Securing GET /funcMaster/funcMasterList
2025-07-14 11:31:18 [http-nio-8080-exec-10] DEBUG o.s.s.w.c.HttpSessionSecurityContextRepository - Retrieved SecurityContextImpl [Authentication=UsernamePasswordAuthenticationToken [Principal=com.cmms10.auth.dto.CustomUserDetails [Username=ADMIN, Password=[PROTECTED], Enabled=true, AccountNonExpired=true, CredentialsNonExpired=true, AccountNonLocked=true, Granted Authorities=[test]], Credentials=[PROTECTED], Authenticated=true, Details=WebAuthenticationDetails [RemoteIpAddress=0:0:0:0:0:0:0:1, SessionId=773C225433A2EFCF6541E81552B675B4], Granted Authorities=[test]]]
2025-07-14 11:31:18 [http-nio-8080-exec-10] DEBUG o.s.security.web.FilterChainProxy - Secured GET /funcMaster/funcMasterList
2025-07-14 11:31:20 [http-nio-8080-exec-2] DEBUG o.s.security.web.FilterChainProxy - Securing POST /funcMaster/funcMasterDelete/ASSET/C0001
2025-07-14 11:31:20 [http-nio-8080-exec-2] DEBUG o.s.s.w.c.HttpSessionSecurityContextRepository - Retrieved SecurityContextImpl [Authentication=UsernamePasswordAuthenticationToken [Principal=com.cmms10.auth.dto.CustomUserDetails [Username=ADMIN, Password=[PROTECTED], Enabled=true, AccountNonExpired=true, CredentialsNonExpired=true, AccountNonLocked=true, Granted Authorities=[test]], Credentials=[PROTECTED], Authenticated=true, Details=WebAuthenticationDetails [RemoteIpAddress=0:0:0:0:0:0:0:1, SessionId=773C225433A2EFCF6541E81552B675B4], Granted Authorities=[test]]]
2025-07-14 11:31:20 [http-nio-8080-exec-2] DEBUG o.s.security.web.FilterChainProxy - Secured POST /funcMaster/funcMasterDelete/ASSET/C0001
2025-07-14 11:31:22 [http-nio-8080-exec-1] DEBUG o.s.security.web.FilterChainProxy - Securing GET /funcMaster/funcMasterList
2025-07-14 11:31:22 [http-nio-8080-exec-1] DEBUG o.s.s.w.c.HttpSessionSecurityContextRepository - Retrieved SecurityContextImpl [Authentication=UsernamePasswordAuthenticationToken [Principal=com.cmms10.auth.dto.CustomUserDetails [Username=ADMIN, Password=[PROTECTED], Enabled=true, AccountNonExpired=true, CredentialsNonExpired=true, AccountNonLocked=true, Granted Authorities=[test]], Credentials=[PROTECTED], Authenticated=true, Details=WebAuthenticationDetails [RemoteIpAddress=0:0:0:0:0:0:0:1, SessionId=773C225433A2EFCF6541E81552B675B4], Granted Authorities=[test]]]
2025-07-14 11:31:22 [http-nio-8080-exec-1] DEBUG o.s.security.web.FilterChainProxy - Secured GET /funcMaster/funcMasterList
2025-07-14 11:31:24 [http-nio-8080-exec-3] DEBUG o.s.security.web.FilterChainProxy - Securing POST /funcMaster/funcMasterDelete/DEPRE/C0001
2025-07-14 11:31:24 [http-nio-8080-exec-3] DEBUG o.s.s.w.c.HttpSessionSecurityContextRepository - Retrieved SecurityContextImpl [Authentication=UsernamePasswordAuthenticationToken [Principal=com.cmms10.auth.dto.CustomUserDetails [Username=ADMIN, Password=[PROTECTED], Enabled=true, AccountNonExpired=true, CredentialsNonExpired=true, AccountNonLocked=true, Granted Authorities=[test]], Credentials=[PROTECTED], Authenticated=true, Details=WebAuthenticationDetails [RemoteIpAddress=0:0:0:0:0:0:0:1, SessionId=773C225433A2EFCF6541E81552B675B4], Granted Authorities=[test]]]
2025-07-14 11:31:24 [http-nio-8080-exec-3] DEBUG o.s.security.web.FilterChainProxy - Secured POST /funcMaster/funcMasterDelete/DEPRE/C0001
2025-07-14 11:31:25 [http-nio-8080-exec-4] DEBUG o.s.security.web.FilterChainProxy - Securing GET /funcMaster/funcMasterList
2025-07-14 11:31:25 [http-nio-8080-exec-4] DEBUG o.s.s.w.c.HttpSessionSecurityContextRepository - Retrieved SecurityContextImpl [Authentication=UsernamePasswordAuthenticationToken [Principal=com.cmms10.auth.dto.CustomUserDetails [Username=ADMIN, Password=[PROTECTED], Enabled=true, AccountNonExpired=true, CredentialsNonExpired=true, AccountNonLocked=true, Granted Authorities=[test]], Credentials=[PROTECTED], Authenticated=true, Details=WebAuthenticationDetails [RemoteIpAddress=0:0:0:0:0:0:0:1, SessionId=773C225433A2EFCF6541E81552B675B4], Granted Authorities=[test]]]
2025-07-14 11:31:25 [http-nio-8080-exec-4] DEBUG o.s.security.web.FilterChainProxy - Secured GET /funcMaster/funcMasterList
2025-07-14 11:31:27 [http-nio-8080-exec-5] DEBUG o.s.security.web.FilterChainProxy - Securing POST /funcMaster/funcMasterDelete/JOBTY/C0001
2025-07-14 11:31:27 [http-nio-8080-exec-5] DEBUG o.s.s.w.c.HttpSessionSecurityContextRepository - Retrieved SecurityContextImpl [Authentication=UsernamePasswordAuthenticationToken [Principal=com.cmms10.auth.dto.CustomUserDetails [Username=ADMIN, Password=[PROTECTED], Enabled=true, AccountNonExpired=true, CredentialsNonExpired=true, AccountNonLocked=true, Granted Authorities=[test]], Credentials=[PROTECTED], Authenticated=true, Details=WebAuthenticationDetails [RemoteIpAddress=0:0:0:0:0:0:0:1, SessionId=773C225433A2EFCF6541E81552B675B4], Granted Authorities=[test]]]
2025-07-14 11:31:27 [http-nio-8080-exec-5] DEBUG o.s.security.web.FilterChainProxy - Secured POST /funcMaster/funcMasterDelete/JOBTY/C0001
2025-07-14 11:31:29 [http-nio-8080-exec-7] DEBUG o.s.security.web.FilterChainProxy - Securing GET /funcMaster/funcMasterList
2025-07-14 11:31:29 [http-nio-8080-exec-7] DEBUG o.s.s.w.c.HttpSessionSecurityContextRepository - Retrieved SecurityContextImpl [Authentication=UsernamePasswordAuthenticationToken [Principal=com.cmms10.auth.dto.CustomUserDetails [Username=ADMIN, Password=[PROTECTED], Enabled=true, AccountNonExpired=true, CredentialsNonExpired=true, AccountNonLocked=true, Granted Authorities=[test]], Credentials=[PROTECTED], Authenticated=true, Details=WebAuthenticationDetails [RemoteIpAddress=0:0:0:0:0:0:0:1, SessionId=773C225433A2EFCF6541E81552B675B4], Granted Authorities=[test]]]
2025-07-14 11:31:29 [http-nio-8080-exec-7] DEBUG o.s.security.web.FilterChainProxy - Secured GET /funcMaster/funcMasterList
2025-07-14 11:31:36 [http-nio-8080-exec-8] DEBUG o.s.security.web.FilterChainProxy - Securing GET /funcMaster/funcMasterForm
2025-07-14 11:31:36 [http-nio-8080-exec-8] DEBUG o.s.s.w.c.HttpSessionSecurityContextRepository - Retrieved SecurityContextImpl [Authentication=UsernamePasswordAuthenticationToken [Principal=com.cmms10.auth.dto.CustomUserDetails [Username=ADMIN, Password=[PROTECTED], Enabled=true, AccountNonExpired=true, CredentialsNonExpired=true, AccountNonLocked=true, Granted Authorities=[test]], Credentials=[PROTECTED], Authenticated=true, Details=WebAuthenticationDetails [RemoteIpAddress=0:0:0:0:0:0:0:1, SessionId=773C225433A2EFCF6541E81552B675B4], Granted Authorities=[test]]]
2025-07-14 11:31:36 [http-nio-8080-exec-8] DEBUG o.s.security.web.FilterChainProxy - Secured GET /funcMaster/funcMasterForm
2025-07-14 11:31:42 [http-nio-8080-exec-9] DEBUG o.s.security.web.FilterChainProxy - Securing GET /funcMaster/funcMasterForm
2025-07-14 11:31:42 [http-nio-8080-exec-9] DEBUG o.s.s.w.c.HttpSessionSecurityContextRepository - Retrieved SecurityContextImpl [Authentication=UsernamePasswordAuthenticationToken [Principal=com.cmms10.auth.dto.CustomUserDetails [Username=ADMIN, Password=[PROTECTED], Enabled=true, AccountNonExpired=true, CredentialsNonExpired=true, AccountNonLocked=true, Granted Authorities=[test]], Credentials=[PROTECTED], Authenticated=true, Details=WebAuthenticationDetails [RemoteIpAddress=0:0:0:0:0:0:0:1, SessionId=773C225433A2EFCF6541E81552B675B4], Granted Authorities=[test]]]
2025-07-14 11:31:42 [http-nio-8080-exec-9] DEBUG o.s.security.web.FilterChainProxy - Secured GET /funcMaster/funcMasterForm
2025-07-14 11:31:57 [http-nio-8080-exec-10] DEBUG o.s.security.web.FilterChainProxy - Securing POST /funcMaster/funcMasterSave
2025-07-14 11:31:57 [http-nio-8080-exec-10] DEBUG o.s.s.w.c.HttpSessionSecurityContextRepository - Retrieved SecurityContextImpl [Authentication=UsernamePasswordAuthenticationToken [Principal=com.cmms10.auth.dto.CustomUserDetails [Username=ADMIN, Password=[PROTECTED], Enabled=true, AccountNonExpired=true, CredentialsNonExpired=true, AccountNonLocked=true, Granted Authorities=[test]], Credentials=[PROTECTED], Authenticated=true, Details=WebAuthenticationDetails [RemoteIpAddress=0:0:0:0:0:0:0:1, SessionId=773C225433A2EFCF6541E81552B675B4], Granted Authorities=[test]]]
2025-07-14 11:31:57 [http-nio-8080-exec-10] DEBUG o.s.security.web.FilterChainProxy - Secured POST /funcMaster/funcMasterSave
2025-07-14 11:31:58 [http-nio-8080-exec-2] DEBUG o.s.security.web.FilterChainProxy - Securing GET /funcMaster/funcMasterList
2025-07-14 11:31:58 [http-nio-8080-exec-2] DEBUG o.s.s.w.c.HttpSessionSecurityContextRepository - Retrieved SecurityContextImpl [Authentication=UsernamePasswordAuthenticationToken [Principal=com.cmms10.auth.dto.CustomUserDetails [Username=ADMIN, Password=[PROTECTED], Enabled=true, AccountNonExpired=true, CredentialsNonExpired=true, AccountNonLocked=true, Granted Authorities=[test]], Credentials=[PROTECTED], Authenticated=true, Details=WebAuthenticationDetails [RemoteIpAddress=0:0:0:0:0:0:0:1, SessionId=773C225433A2EFCF6541E81552B675B4], Granted Authorities=[test]]]
2025-07-14 11:31:58 [http-nio-8080-exec-2] DEBUG o.s.security.web.FilterChainProxy - Secured GET /funcMaster/funcMasterList
2025-07-14 11:31:59 [http-nio-8080-exec-1] DEBUG o.s.security.web.FilterChainProxy - Securing GET /funcMaster/funcMasterForm
2025-07-14 11:31:59 [http-nio-8080-exec-1] DEBUG o.s.s.w.c.HttpSessionSecurityContextRepository - Retrieved SecurityContextImpl [Authentication=UsernamePasswordAuthenticationToken [Principal=com.cmms10.auth.dto.CustomUserDetails [Username=ADMIN, Password=[PROTECTED], Enabled=true, AccountNonExpired=true, CredentialsNonExpired=true, AccountNonLocked=true, Granted Authorities=[test]], Credentials=[PROTECTED], Authenticated=true, Details=WebAuthenticationDetails [RemoteIpAddress=0:0:0:0:0:0:0:1, SessionId=773C225433A2EFCF6541E81552B675B4], Granted Authorities=[test]]]
2025-07-14 11:31:59 [http-nio-8080-exec-1] DEBUG o.s.security.web.FilterChainProxy - Secured GET /funcMaster/funcMasterForm
2025-07-14 11:32:05 [http-nio-8080-exec-3] DEBUG o.s.security.web.FilterChainProxy - Securing POST /funcMaster/funcMasterSave
2025-07-14 11:32:05 [http-nio-8080-exec-3] DEBUG o.s.s.w.c.HttpSessionSecurityContextRepository - Retrieved SecurityContextImpl [Authentication=UsernamePasswordAuthenticationToken [Principal=com.cmms10.auth.dto.CustomUserDetails [Username=ADMIN, Password=[PROTECTED], Enabled=true, AccountNonExpired=true, CredentialsNonExpired=true, AccountNonLocked=true, Granted Authorities=[test]], Credentials=[PROTECTED], Authenticated=true, Details=WebAuthenticationDetails [RemoteIpAddress=0:0:0:0:0:0:0:1, SessionId=773C225433A2EFCF6541E81552B675B4], Granted Authorities=[test]]]
2025-07-14 11:32:05 [http-nio-8080-exec-3] DEBUG o.s.security.web.FilterChainProxy - Secured POST /funcMaster/funcMasterSave
2025-07-14 11:32:06 [http-nio-8080-exec-4] DEBUG o.s.security.web.FilterChainProxy - Securing GET /funcMaster/funcMasterList
2025-07-14 11:32:06 [http-nio-8080-exec-4] DEBUG o.s.s.w.c.HttpSessionSecurityContextRepository - Retrieved SecurityContextImpl [Authentication=UsernamePasswordAuthenticationToken [Principal=com.cmms10.auth.dto.CustomUserDetails [Username=ADMIN, Password=[PROTECTED], Enabled=true, AccountNonExpired=true, CredentialsNonExpired=true, AccountNonLocked=true, Granted Authorities=[test]], Credentials=[PROTECTED], Authenticated=true, Details=WebAuthenticationDetails [RemoteIpAddress=0:0:0:0:0:0:0:1, SessionId=773C225433A2EFCF6541E81552B675B4], Granted Authorities=[test]]]
2025-07-14 11:32:06 [http-nio-8080-exec-4] DEBUG o.s.security.web.FilterChainProxy - Secured GET /funcMaster/funcMasterList
2025-07-14 11:32:09 [http-nio-8080-exec-6] DEBUG o.s.security.web.FilterChainProxy - Securing GET /funcMaster/funcMasterForm
2025-07-14 11:32:09 [http-nio-8080-exec-6] DEBUG o.s.s.w.c.HttpSessionSecurityContextRepository - Retrieved SecurityContextImpl [Authentication=UsernamePasswordAuthenticationToken [Principal=com.cmms10.auth.dto.CustomUserDetails [Username=ADMIN, Password=[PROTECTED], Enabled=true, AccountNonExpired=true, CredentialsNonExpired=true, AccountNonLocked=true, Granted Authorities=[test]], Credentials=[PROTECTED], Authenticated=true, Details=WebAuthenticationDetails [RemoteIpAddress=0:0:0:0:0:0:0:1, SessionId=773C225433A2EFCF6541E81552B675B4], Granted Authorities=[test]]]
2025-07-14 11:32:09 [http-nio-8080-exec-6] DEBUG o.s.security.web.FilterChainProxy - Secured GET /funcMaster/funcMasterForm
2025-07-14 11:32:15 [http-nio-8080-exec-5] DEBUG o.s.security.web.FilterChainProxy - Securing POST /funcMaster/funcMasterSave
2025-07-14 11:32:15 [http-nio-8080-exec-5] DEBUG o.s.s.w.c.HttpSessionSecurityContextRepository - Retrieved SecurityContextImpl [Authentication=UsernamePasswordAuthenticationToken [Principal=com.cmms10.auth.dto.CustomUserDetails [Username=ADMIN, Password=[PROTECTED], Enabled=true, AccountNonExpired=true, CredentialsNonExpired=true, AccountNonLocked=true, Granted Authorities=[test]], Credentials=[PROTECTED], Authenticated=true, Details=WebAuthenticationDetails [RemoteIpAddress=0:0:0:0:0:0:0:1, SessionId=773C225433A2EFCF6541E81552B675B4], Granted Authorities=[test]]]
2025-07-14 11:32:15 [http-nio-8080-exec-5] DEBUG o.s.security.web.FilterChainProxy - Secured POST /funcMaster/funcMasterSave
2025-07-14 11:32:16 [http-nio-8080-exec-7] DEBUG o.s.security.web.FilterChainProxy - Securing GET /funcMaster/funcMasterList
2025-07-14 11:32:16 [http-nio-8080-exec-7] DEBUG o.s.s.w.c.HttpSessionSecurityContextRepository - Retrieved SecurityContextImpl [Authentication=UsernamePasswordAuthenticationToken [Principal=com.cmms10.auth.dto.CustomUserDetails [Username=ADMIN, Password=[PROTECTED], Enabled=true, AccountNonExpired=true, CredentialsNonExpired=true, AccountNonLocked=true, Granted Authorities=[test]], Credentials=[PROTECTED], Authenticated=true, Details=WebAuthenticationDetails [RemoteIpAddress=0:0:0:0:0:0:0:1, SessionId=773C225433A2EFCF6541E81552B675B4], Granted Authorities=[test]]]
2025-07-14 11:32:16 [http-nio-8080-exec-7] DEBUG o.s.security.web.FilterChainProxy - Secured GET /funcMaster/funcMasterList
2025-07-14 11:32:21 [http-nio-8080-exec-8] DEBUG o.s.security.web.FilterChainProxy - Securing GET /commonCode/commonCodeForm
2025-07-14 11:32:21 [http-nio-8080-exec-8] DEBUG o.s.s.w.c.HttpSessionSecurityContextRepository - Retrieved SecurityContextImpl [Authentication=UsernamePasswordAuthenticationToken [Principal=com.cmms10.auth.dto.CustomUserDetails [Username=ADMIN, Password=[PROTECTED], Enabled=true, AccountNonExpired=true, CredentialsNonExpired=true, AccountNonLocked=true, Granted Authorities=[test]], Credentials=[PROTECTED], Authenticated=true, Details=WebAuthenticationDetails [RemoteIpAddress=0:0:0:0:0:0:0:1, SessionId=773C225433A2EFCF6541E81552B675B4], Granted Authorities=[test]]]
2025-07-14 11:32:21 [http-nio-8080-exec-8] DEBUG o.s.security.web.FilterChainProxy - Secured GET /commonCode/commonCodeForm
2025-07-14 11:32:30 [http-nio-8080-exec-9] DEBUG o.s.security.web.FilterChainProxy - Securing POST /commonCode/commonCodeSave
2025-07-14 11:32:30 [http-nio-8080-exec-9] DEBUG o.s.s.w.c.HttpSessionSecurityContextRepository - Retrieved SecurityContextImpl [Authentication=UsernamePasswordAuthenticationToken [Principal=com.cmms10.auth.dto.CustomUserDetails [Username=ADMIN, Password=[PROTECTED], Enabled=true, AccountNonExpired=true, CredentialsNonExpired=true, AccountNonLocked=true, Granted Authorities=[test]], Credentials=[PROTECTED], Authenticated=true, Details=WebAuthenticationDetails [RemoteIpAddress=0:0:0:0:0:0:0:1, SessionId=773C225433A2EFCF6541E81552B675B4], Granted Authorities=[test]]]
2025-07-14 11:32:30 [http-nio-8080-exec-9] DEBUG o.s.security.web.FilterChainProxy - Secured POST /commonCode/commonCodeSave
2025-07-14 11:32:31 [http-nio-8080-exec-10] DEBUG o.s.security.web.FilterChainProxy - Securing GET /commonCode/commonCodeList
2025-07-14 11:32:31 [http-nio-8080-exec-10] DEBUG o.s.s.w.c.HttpSessionSecurityContextRepository - Retrieved SecurityContextImpl [Authentication=UsernamePasswordAuthenticationToken [Principal=com.cmms10.auth.dto.CustomUserDetails [Username=ADMIN, Password=[PROTECTED], Enabled=true, AccountNonExpired=true, CredentialsNonExpired=true, AccountNonLocked=true, Granted Authorities=[test]], Credentials=[PROTECTED], Authenticated=true, Details=WebAuthenticationDetails [RemoteIpAddress=0:0:0:0:0:0:0:1, SessionId=773C225433A2EFCF6541E81552B675B4], Granted Authorities=[test]]]
2025-07-14 11:32:31 [http-nio-8080-exec-10] DEBUG o.s.security.web.FilterChainProxy - Secured GET /commonCode/commonCodeList
2025-07-14 11:34:02 [http-nio-8080-exec-3] DEBUG o.s.security.web.FilterChainProxy - Securing GET /commonCode/commonCodeForm
2025-07-14 11:34:02 [http-nio-8080-exec-3] DEBUG o.s.s.w.c.HttpSessionSecurityContextRepository - Retrieved SecurityContextImpl [Authentication=UsernamePasswordAuthenticationToken [Principal=com.cmms10.auth.dto.CustomUserDetails [Username=ADMIN, Password=[PROTECTED], Enabled=true, AccountNonExpired=true, CredentialsNonExpired=true, AccountNonLocked=true, Granted Authorities=[test]], Credentials=[PROTECTED], Authenticated=true, Details=WebAuthenticationDetails [RemoteIpAddress=0:0:0:0:0:0:0:1, SessionId=773C225433A2EFCF6541E81552B675B4], Granted Authorities=[test]]]
2025-07-14 11:34:02 [http-nio-8080-exec-3] DEBUG o.s.security.web.FilterChainProxy - Secured GET /commonCode/commonCodeForm
2025-07-14 11:34:03 [http-nio-8080-exec-4] DEBUG o.s.security.web.FilterChainProxy - Securing GET /commonCode/commonCodeList
2025-07-14 11:34:03 [http-nio-8080-exec-4] DEBUG o.s.s.w.c.HttpSessionSecurityContextRepository - Retrieved SecurityContextImpl [Authentication=UsernamePasswordAuthenticationToken [Principal=com.cmms10.auth.dto.CustomUserDetails [Username=ADMIN, Password=[PROTECTED], Enabled=true, AccountNonExpired=true, CredentialsNonExpired=true, AccountNonLocked=true, Granted Authorities=[test]], Credentials=[PROTECTED], Authenticated=true, Details=WebAuthenticationDetails [RemoteIpAddress=0:0:0:0:0:0:0:1, SessionId=773C225433A2EFCF6541E81552B675B4], Granted Authorities=[test]]]
2025-07-14 11:34:03 [http-nio-8080-exec-4] DEBUG o.s.security.web.FilterChainProxy - Secured GET /commonCode/commonCodeList
2025-07-14 11:34:48 [http-nio-8080-exec-6] DEBUG o.s.security.web.FilterChainProxy - Securing GET /commonCode/commonCodeForm
2025-07-14 11:34:48 [http-nio-8080-exec-6] DEBUG o.s.s.w.c.HttpSessionSecurityContextRepository - Retrieved SecurityContextImpl [Authentication=UsernamePasswordAuthenticationToken [Principal=com.cmms10.auth.dto.CustomUserDetails [Username=ADMIN, Password=[PROTECTED], Enabled=true, AccountNonExpired=true, CredentialsNonExpired=true, AccountNonLocked=true, Granted Authorities=[test]], Credentials=[PROTECTED], Authenticated=true, Details=WebAuthenticationDetails [RemoteIpAddress=0:0:0:0:0:0:0:1, SessionId=773C225433A2EFCF6541E81552B675B4], Granted Authorities=[test]]]
2025-07-14 11:34:48 [http-nio-8080-exec-6] DEBUG o.s.security.web.FilterChainProxy - Secured GET /commonCode/commonCodeForm
2025-07-14 11:35:23 [http-nio-8080-exec-7] DEBUG o.s.security.web.FilterChainProxy - Securing POST /commonCode/commonCodeSave
2025-07-14 11:35:23 [http-nio-8080-exec-7] DEBUG o.s.s.w.c.HttpSessionSecurityContextRepository - Retrieved SecurityContextImpl [Authentication=UsernamePasswordAuthenticationToken [Principal=com.cmms10.auth.dto.CustomUserDetails [Username=ADMIN, Password=[PROTECTED], Enabled=true, AccountNonExpired=true, CredentialsNonExpired=true, AccountNonLocked=true, Granted Authorities=[test]], Credentials=[PROTECTED], Authenticated=true, Details=WebAuthenticationDetails [RemoteIpAddress=0:0:0:0:0:0:0:1, SessionId=773C225433A2EFCF6541E81552B675B4], Granted Authorities=[test]]]
2025-07-14 11:35:23 [http-nio-8080-exec-7] DEBUG o.s.security.web.FilterChainProxy - Secured POST /commonCode/commonCodeSave
2025-07-14 11:35:24 [http-nio-8080-exec-8] DEBUG o.s.security.web.FilterChainProxy - Securing GET /commonCode/commonCodeList
2025-07-14 11:35:24 [http-nio-8080-exec-8] DEBUG o.s.s.w.c.HttpSessionSecurityContextRepository - Retrieved SecurityContextImpl [Authentication=UsernamePasswordAuthenticationToken [Principal=com.cmms10.auth.dto.CustomUserDetails [Username=ADMIN, Password=[PROTECTED], Enabled=true, AccountNonExpired=true, CredentialsNonExpired=true, AccountNonLocked=true, Granted Authorities=[test]], Credentials=[PROTECTED], Authenticated=true, Details=WebAuthenticationDetails [RemoteIpAddress=0:0:0:0:0:0:0:1, SessionId=773C225433A2EFCF6541E81552B675B4], Granted Authorities=[test]]]
2025-07-14 11:35:24 [http-nio-8080-exec-8] DEBUG o.s.security.web.FilterChainProxy - Secured GET /commonCode/commonCodeList
2025-07-14 11:35:31 [http-nio-8080-exec-9] DEBUG o.s.security.web.FilterChainProxy - Securing GET /commonCode/commonCodeForm
2025-07-14 11:35:31 [http-nio-8080-exec-9] DEBUG o.s.s.w.c.HttpSessionSecurityContextRepository - Retrieved SecurityContextImpl [Authentication=UsernamePasswordAuthenticationToken [Principal=com.cmms10.auth.dto.CustomUserDetails [Username=ADMIN, Password=[PROTECTED], Enabled=true, AccountNonExpired=true, CredentialsNonExpired=true, AccountNonLocked=true, Granted Authorities=[test]], Credentials=[PROTECTED], Authenticated=true, Details=WebAuthenticationDetails [RemoteIpAddress=0:0:0:0:0:0:0:1, SessionId=773C225433A2EFCF6541E81552B675B4], Granted Authorities=[test]]]
2025-07-14 11:35:31 [http-nio-8080-exec-9] DEBUG o.s.security.web.FilterChainProxy - Secured GET /commonCode/commonCodeForm
2025-07-14 11:35:45 [http-nio-8080-exec-10] DEBUG o.s.security.web.FilterChainProxy - Securing POST /commonCode/commonCodeSave
2025-07-14 11:35:45 [http-nio-8080-exec-10] DEBUG o.s.s.w.c.HttpSessionSecurityContextRepository - Retrieved SecurityContextImpl [Authentication=UsernamePasswordAuthenticationToken [Principal=com.cmms10.auth.dto.CustomUserDetails [Username=ADMIN, Password=[PROTECTED], Enabled=true, AccountNonExpired=true, CredentialsNonExpired=true, AccountNonLocked=true, Granted Authorities=[test]], Credentials=[PROTECTED], Authenticated=true, Details=WebAuthenticationDetails [RemoteIpAddress=0:0:0:0:0:0:0:1, SessionId=773C225433A2EFCF6541E81552B675B4], Granted Authorities=[test]]]
2025-07-14 11:35:45 [http-nio-8080-exec-10] DEBUG o.s.security.web.FilterChainProxy - Secured POST /commonCode/commonCodeSave
2025-07-14 11:35:46 [http-nio-8080-exec-2] DEBUG o.s.security.web.FilterChainProxy - Securing GET /commonCode/commonCodeList
2025-07-14 11:35:46 [http-nio-8080-exec-2] DEBUG o.s.s.w.c.HttpSessionSecurityContextRepository - Retrieved SecurityContextImpl [Authentication=UsernamePasswordAuthenticationToken [Principal=com.cmms10.auth.dto.CustomUserDetails [Username=ADMIN, Password=[PROTECTED], Enabled=true, AccountNonExpired=true, CredentialsNonExpired=true, AccountNonLocked=true, Granted Authorities=[test]], Credentials=[PROTECTED], Authenticated=true, Details=WebAuthenticationDetails [RemoteIpAddress=0:0:0:0:0:0:0:1, SessionId=773C225433A2EFCF6541E81552B675B4], Granted Authorities=[test]]]
2025-07-14 11:35:46 [http-nio-8080-exec-2] DEBUG o.s.security.web.FilterChainProxy - Secured GET /commonCode/commonCodeList
2025-07-14 11:35:48 [http-nio-8080-exec-1] DEBUG o.s.security.web.FilterChainProxy - Securing GET /commonCode/commonCodeForm
2025-07-14 11:35:48 [http-nio-8080-exec-1] DEBUG o.s.s.w.c.HttpSessionSecurityContextRepository - Retrieved SecurityContextImpl [Authentication=UsernamePasswordAuthenticationToken [Principal=com.cmms10.auth.dto.CustomUserDetails [Username=ADMIN, Password=[PROTECTED], Enabled=true, AccountNonExpired=true, CredentialsNonExpired=true, AccountNonLocked=true, Granted Authorities=[test]], Credentials=[PROTECTED], Authenticated=true, Details=WebAuthenticationDetails [RemoteIpAddress=0:0:0:0:0:0:0:1, SessionId=773C225433A2EFCF6541E81552B675B4], Granted Authorities=[test]]]
2025-07-14 11:35:48 [http-nio-8080-exec-1] DEBUG o.s.security.web.FilterChainProxy - Secured GET /commonCode/commonCodeForm
2025-07-14 11:36:47 [http-nio-8080-exec-4] DEBUG o.s.security.web.FilterChainProxy - Securing POST /commonCode/commonCodeSave
2025-07-14 11:36:47 [http-nio-8080-exec-4] DEBUG o.s.s.w.c.HttpSessionSecurityContextRepository - Retrieved SecurityContextImpl [Authentication=UsernamePasswordAuthenticationToken [Principal=com.cmms10.auth.dto.CustomUserDetails [Username=ADMIN, Password=[PROTECTED], Enabled=true, AccountNonExpired=true, CredentialsNonExpired=true, AccountNonLocked=true, Granted Authorities=[test]], Credentials=[PROTECTED], Authenticated=true, Details=WebAuthenticationDetails [RemoteIpAddress=0:0:0:0:0:0:0:1, SessionId=773C225433A2EFCF6541E81552B675B4], Granted Authorities=[test]]]
2025-07-14 11:36:47 [http-nio-8080-exec-4] DEBUG o.s.security.web.FilterChainProxy - Secured POST /commonCode/commonCodeSave
2025-07-14 11:36:49 [http-nio-8080-exec-6] DEBUG o.s.security.web.FilterChainProxy - Securing GET /commonCode/commonCodeList
2025-07-14 11:36:49 [http-nio-8080-exec-6] DEBUG o.s.s.w.c.HttpSessionSecurityContextRepository - Retrieved SecurityContextImpl [Authentication=UsernamePasswordAuthenticationToken [Principal=com.cmms10.auth.dto.CustomUserDetails [Username=ADMIN, Password=[PROTECTED], Enabled=true, AccountNonExpired=true, CredentialsNonExpired=true, AccountNonLocked=true, Granted Authorities=[test]], Credentials=[PROTECTED], Authenticated=true, Details=WebAuthenticationDetails [RemoteIpAddress=0:0:0:0:0:0:0:1, SessionId=773C225433A2EFCF6541E81552B675B4], Granted Authorities=[test]]]
2025-07-14 11:36:49 [http-nio-8080-exec-6] DEBUG o.s.security.web.FilterChainProxy - Secured GET /commonCode/commonCodeList
2025-07-14 11:36:55 [http-nio-8080-exec-5] DEBUG o.s.security.web.FilterChainProxy - Securing GET /commonCode/commonCodeForm
2025-07-14 11:36:55 [http-nio-8080-exec-5] DEBUG o.s.s.w.c.HttpSessionSecurityContextRepository - Retrieved SecurityContextImpl [Authentication=UsernamePasswordAuthenticationToken [Principal=com.cmms10.auth.dto.CustomUserDetails [Username=ADMIN, Password=[PROTECTED], Enabled=true, AccountNonExpired=true, CredentialsNonExpired=true, AccountNonLocked=true, Granted Authorities=[test]], Credentials=[PROTECTED], Authenticated=true, Details=WebAuthenticationDetails [RemoteIpAddress=0:0:0:0:0:0:0:1, SessionId=773C225433A2EFCF6541E81552B675B4], Granted Authorities=[test]]]
2025-07-14 11:36:55 [http-nio-8080-exec-5] DEBUG o.s.security.web.FilterChainProxy - Secured GET /commonCode/commonCodeForm
2025-07-14 11:37:05 [http-nio-8080-exec-7] DEBUG o.s.security.web.FilterChainProxy - Securing POST /commonCode/commonCodeSave
2025-07-14 11:37:05 [http-nio-8080-exec-7] DEBUG o.s.s.w.c.HttpSessionSecurityContextRepository - Retrieved SecurityContextImpl [Authentication=UsernamePasswordAuthenticationToken [Principal=com.cmms10.auth.dto.CustomUserDetails [Username=ADMIN, Password=[PROTECTED], Enabled=true, AccountNonExpired=true, CredentialsNonExpired=true, AccountNonLocked=true, Granted Authorities=[test]], Credentials=[PROTECTED], Authenticated=true, Details=WebAuthenticationDetails [RemoteIpAddress=0:0:0:0:0:0:0:1, SessionId=773C225433A2EFCF6541E81552B675B4], Granted Authorities=[test]]]
2025-07-14 11:37:05 [http-nio-8080-exec-7] DEBUG o.s.security.web.FilterChainProxy - Secured POST /commonCode/commonCodeSave
2025-07-14 11:37:06 [http-nio-8080-exec-8] DEBUG o.s.security.web.FilterChainProxy - Securing GET /commonCode/commonCodeList
2025-07-14 11:37:06 [http-nio-8080-exec-8] DEBUG o.s.s.w.c.HttpSessionSecurityContextRepository - Retrieved SecurityContextImpl [Authentication=UsernamePasswordAuthenticationToken [Principal=com.cmms10.auth.dto.CustomUserDetails [Username=ADMIN, Password=[PROTECTED], Enabled=true, AccountNonExpired=true, CredentialsNonExpired=true, AccountNonLocked=true, Granted Authorities=[test]], Credentials=[PROTECTED], Authenticated=true, Details=WebAuthenticationDetails [RemoteIpAddress=0:0:0:0:0:0:0:1, SessionId=773C225433A2EFCF6541E81552B675B4], Granted Authorities=[test]]]
2025-07-14 11:37:06 [http-nio-8080-exec-8] DEBUG o.s.security.web.FilterChainProxy - Secured GET /commonCode/commonCodeList
2025-07-14 11:37:32 [http-nio-8080-exec-9] DEBUG o.s.security.web.FilterChainProxy - Securing GET /commonCode/commonCodeList
2025-07-14 11:37:32 [http-nio-8080-exec-9] DEBUG o.s.s.w.c.HttpSessionSecurityContextRepository - Retrieved SecurityContextImpl [Authentication=UsernamePasswordAuthenticationToken [Principal=com.cmms10.auth.dto.CustomUserDetails [Username=ADMIN, Password=[PROTECTED], Enabled=true, AccountNonExpired=true, CredentialsNonExpired=true, AccountNonLocked=true, Granted Authorities=[test]], Credentials=[PROTECTED], Authenticated=true, Details=WebAuthenticationDetails [RemoteIpAddress=0:0:0:0:0:0:0:1, SessionId=773C225433A2EFCF6541E81552B675B4], Granted Authorities=[test]]]
2025-07-14 11:37:32 [http-nio-8080-exec-9] DEBUG o.s.security.web.FilterChainProxy - Secured GET /commonCode/commonCodeList
2025-07-14 12:10:46 [HikariPool-1:housekeeper] WARN  com.zaxxer.hikari.pool.PoolBase - HikariPool-1 - Failed to validate connection org.mariadb.jdbc.Connection@2d29460b ((conn=13289) Connection.setNetworkTimeout cannot be called on a closed connection). Possibly consider using a shorter maxLifetime value.
2025-07-14 12:10:51 [HikariPool-1:housekeeper] WARN  com.zaxxer.hikari.pool.PoolBase - HikariPool-1 - Failed to validate connection org.mariadb.jdbc.Connection@51af8c57 ((conn=13282) Connection.setNetworkTimeout cannot be called on a closed connection). Possibly consider using a shorter maxLifetime value.
2025-07-14 12:10:51 [HikariPool-1:housekeeper] WARN  com.zaxxer.hikari.pool.HikariPool - HikariPool-1 - Thread starvation or clock leap detected (housekeeper delta=9m33s228ms726s).
2025-07-14 12:10:56 [HikariPool-1:housekeeper] WARN  com.zaxxer.hikari.pool.PoolBase - HikariPool-1 - Failed to validate connection org.mariadb.jdbc.Connection@2642bd7f ((conn=13300) Connection.setNetworkTimeout cannot be called on a closed connection). Possibly consider using a shorter maxLifetime value.
2025-07-14 12:11:01 [HikariPool-1:housekeeper] WARN  com.zaxxer.hikari.pool.PoolBase - HikariPool-1 - Failed to validate connection org.mariadb.jdbc.Connection@413cbea2 ((conn=13293) Connection.setNetworkTimeout cannot be called on a closed connection). Possibly consider using a shorter maxLifetime value.
2025-07-14 12:11:06 [HikariPool-1:housekeeper] WARN  com.zaxxer.hikari.pool.PoolBase - HikariPool-1 - Failed to validate connection org.mariadb.jdbc.Connection@7b184f5c ((conn=13284) Connection.setNetworkTimeout cannot be called on a closed connection). Possibly consider using a shorter maxLifetime value.
2025-07-14 12:11:11 [HikariPool-1:housekeeper] WARN  com.zaxxer.hikari.pool.PoolBase - HikariPool-1 - Failed to validate connection org.mariadb.jdbc.Connection@65e24fa9 ((conn=13291) Connection.setNetworkTimeout cannot be called on a closed connection). Possibly consider using a shorter maxLifetime value.
2025-07-14 12:11:16 [HikariPool-1:housekeeper] WARN  com.zaxxer.hikari.pool.PoolBase - HikariPool-1 - Failed to validate connection org.mariadb.jdbc.Connection@7854f1db ((conn=13287) Connection.setNetworkTimeout cannot be called on a closed connection). Possibly consider using a shorter maxLifetime value.
2025-07-14 12:11:21 [HikariPool-1:housekeeper] WARN  com.zaxxer.hikari.pool.PoolBase - HikariPool-1 - Failed to validate connection org.mariadb.jdbc.Connection@1c9d8004 ((conn=13294) Connection.setNetworkTimeout cannot be called on a closed connection). Possibly consider using a shorter maxLifetime value.
2025-07-14 12:39:04 [HikariPool-1:housekeeper] WARN  com.zaxxer.hikari.pool.HikariPool - HikariPool-1 - Thread starvation or clock leap detected (housekeeper delta=2m13s67ms12s).
2025-07-14 12:39:38 [restartedMain] INFO  com.cmms10.Cmms10Application - Starting Cmms10Application using Java 21.0.7 with PID 21812 (C:\github\cmms10\build\classes\java\main started by polkn in C:\github\cmms10)
2025-07-14 12:39:38 [restartedMain] DEBUG com.cmms10.Cmms10Application - Running with Spring Boot v3.5.3, Spring v6.2.8
2025-07-14 12:39:38 [restartedMain] INFO  com.cmms10.Cmms10Application - No active profile set, falling back to 1 default profile: "default"
2025-07-14 12:39:38 [restartedMain] INFO  o.s.b.d.e.DevToolsPropertyDefaultsPostProcessor - Devtools property defaults active! Set 'spring.devtools.add-properties' to 'false' to disable
2025-07-14 12:39:38 [restartedMain] INFO  o.s.b.d.e.DevToolsPropertyDefaultsPostProcessor - For additional web related logging consider setting the 'logging.level.web' property to 'DEBUG'
2025-07-14 12:39:39 [restartedMain] INFO  o.s.d.r.c.RepositoryConfigurationDelegate - Bootstrapping Spring Data JPA repositories in DEFAULT mode.
2025-07-14 12:39:39 [restartedMain] INFO  o.s.d.r.c.RepositoryConfigurationDelegate - Finished Spring Data repository scanning in 77 ms. Found 16 JPA repository interfaces.
2025-07-14 12:39:39 [restartedMain] INFO  o.s.b.w.e.tomcat.TomcatWebServer - Tomcat initialized with port 8080 (http)
2025-07-14 12:39:39 [restartedMain] INFO  o.a.catalina.core.StandardService - Starting service [Tomcat]
2025-07-14 12:39:39 [restartedMain] INFO  o.a.catalina.core.StandardEngine - Starting Servlet engine: [Apache Tomcat/10.1.42]
2025-07-14 12:39:39 [restartedMain] INFO  o.a.c.c.C.[Tomcat].[localhost].[/] - Initializing Spring embedded WebApplicationContext
2025-07-14 12:39:39 [restartedMain] INFO  o.s.b.w.s.c.ServletWebServerApplicationContext - Root WebApplicationContext: initialization completed in 956 ms
2025-07-14 12:39:39 [restartedMain] INFO  o.h.jpa.internal.util.LogHelper - HHH000204: Processing PersistenceUnitInfo [name: default]
2025-07-14 12:39:40 [restartedMain] INFO  org.hibernate.Version - HHH000412: Hibernate ORM core version 6.6.18.Final
2025-07-14 12:39:40 [restartedMain] INFO  o.h.c.i.RegionFactoryInitiator - HHH000026: Second-level cache disabled
2025-07-14 12:39:40 [restartedMain] INFO  o.s.o.j.p.SpringPersistenceUnitInfo - No LoadTimeWeaver setup: ignoring JPA class transformer
2025-07-14 12:39:40 [restartedMain] INFO  com.zaxxer.hikari.HikariDataSource - HikariPool-1 - Starting...
2025-07-14 12:39:41 [restartedMain] INFO  com.zaxxer.hikari.pool.HikariPool - HikariPool-1 - Added connection org.mariadb.jdbc.Connection@3efc4fde
2025-07-14 12:39:41 [restartedMain] INFO  com.zaxxer.hikari.HikariDataSource - HikariPool-1 - Start completed.
2025-07-14 12:39:41 [restartedMain] INFO  o.hibernate.orm.connections.pooling - HHH10001005: Database info:
	Database JDBC URL [Connecting through datasource 'HikariDataSource (HikariPool-1)']
	Database driver: undefined/unknown
	Database version: 10.6.21
	Autocommit mode: undefined/unknown
	Isolation level: undefined/unknown
	Minimum pool size: undefined/unknown
	Maximum pool size: undefined/unknown
2025-07-14 12:39:44 [restartedMain] INFO  o.h.e.t.j.p.i.JtaPlatformInitiator - HHH000489: No JTA platform available (set 'hibernate.transaction.jta.platform' to enable JTA platform integration)
2025-07-14 12:39:49 [restartedMain] INFO  o.s.o.j.LocalContainerEntityManagerFactoryBean - Initialized JPA EntityManagerFactory for persistence unit 'default'
2025-07-14 12:39:49 [restartedMain] INFO  o.s.d.j.r.query.QueryEnhancerFactory - Hibernate is in classpath; If applicable, HQL parser will be used.
2025-07-14 12:39:51 [restartedMain] INFO  o.s.s.c.a.a.c.InitializeAuthenticationProviderBeanManagerConfigurer$InitializeAuthenticationProviderManagerConfigurer - Global AuthenticationManager configured with AuthenticationProvider bean with name authenticationProvider
2025-07-14 12:39:51 [restartedMain] WARN  o.s.s.c.a.a.c.InitializeUserDetailsBeanManagerConfigurer$InitializeUserDetailsManagerConfigurer - Global AuthenticationManager configured with an AuthenticationProvider bean. UserDetailsService beans will not be used by Spring Security for automatically configuring username/password login. Consider removing the AuthenticationProvider bean. Alternatively, consider using the UserDetailsService in a manually instantiated DaoAuthenticationProvider. If the current configuration is intentional, to turn off this warning, increase the logging level of 'org.springframework.security.config.annotation.authentication.configuration.InitializeUserDetailsBeanManagerConfigurer' to ERROR
2025-07-14 12:39:51 [restartedMain] DEBUG o.s.s.web.DefaultSecurityFilterChain - Will secure any request with filters: DisableEncodeUrlFilter, WebAsyncManagerIntegrationFilter, SecurityContextHolderFilter, HeaderWriterFilter, CsrfFilter, LogoutFilter, UsernamePasswordAuthenticationFilter, RequestCacheAwareFilter, SecurityContextHolderAwareRequestFilter, AnonymousAuthenticationFilter, ExceptionTranslationFilter, AuthorizationFilter
2025-07-14 12:39:52 [restartedMain] INFO  o.s.b.d.a.OptionalLiveReloadServer - LiveReload server is running on port 35729
2025-07-14 12:39:52 [restartedMain] DEBUG o.s.c.s.DefaultLifecycleProcessor - Starting beans in phase -2147483647
2025-07-14 12:39:52 [restartedMain] TRACE o.s.c.s.DefaultLifecycleProcessor - Starting bean 'springBootLoggingLifecycle' of type [org.springframework.boot.context.logging.LoggingApplicationListener$Lifecycle]
2025-07-14 12:39:52 [restartedMain] DEBUG o.s.c.s.DefaultLifecycleProcessor - Successfully started bean 'springBootLoggingLifecycle'
2025-07-14 12:39:52 [restartedMain] DEBUG o.s.c.s.DefaultLifecycleProcessor - Starting beans in phase 1073741823
2025-07-14 12:39:52 [restartedMain] DEBUG o.s.c.s.DefaultLifecycleProcessor - Starting beans in phase 2147481599
2025-07-14 12:39:52 [restartedMain] TRACE o.s.c.s.DefaultLifecycleProcessor - Starting bean 'webServerStartStop' of type [org.springframework.boot.web.servlet.context.WebServerStartStopLifecycle]
2025-07-14 12:39:52 [restartedMain] INFO  o.s.b.w.e.tomcat.TomcatWebServer - Tomcat started on port 8080 (http) with context path '/'
2025-07-14 12:39:52 [restartedMain] DEBUG o.s.c.s.DefaultLifecycleProcessor - Successfully started bean 'webServerStartStop'
2025-07-14 12:39:52 [restartedMain] DEBUG o.s.c.s.DefaultLifecycleProcessor - Starting beans in phase 2147482623
2025-07-14 12:39:52 [restartedMain] TRACE o.s.c.s.DefaultLifecycleProcessor - Starting bean 'webServerGracefulShutdown' of type [org.springframework.boot.web.context.WebServerGracefulShutdownLifecycle]
2025-07-14 12:39:52 [restartedMain] DEBUG o.s.c.s.DefaultLifecycleProcessor - Successfully started bean 'webServerGracefulShutdown'
2025-07-14 12:39:52 [restartedMain] INFO  com.cmms10.Cmms10Application - Started Cmms10Application in 13.961 seconds (process running for 14.248)
2025-07-14 12:40:08 [http-nio-8080-exec-1] INFO  o.a.c.c.C.[Tomcat].[localhost].[/] - Initializing Spring DispatcherServlet 'dispatcherServlet'
2025-07-14 12:40:08 [http-nio-8080-exec-1] INFO  o.s.web.servlet.DispatcherServlet - Initializing Servlet 'dispatcherServlet'
2025-07-14 12:40:08 [http-nio-8080-exec-1] INFO  o.s.web.servlet.DispatcherServlet - Completed initialization in 2 ms
2025-07-14 12:40:08 [http-nio-8080-exec-1] DEBUG o.s.security.web.FilterChainProxy - Securing GET /
2025-07-14 12:40:08 [http-nio-8080-exec-1] DEBUG o.s.security.web.FilterChainProxy - Secured GET /
2025-07-14 12:40:08 [http-nio-8080-exec-1] DEBUG o.s.s.w.a.AnonymousAuthenticationFilter - Set SecurityContextHolder to anonymous SecurityContext
2025-07-14 12:40:08 [http-nio-8080-exec-3] DEBUG o.s.security.web.FilterChainProxy - Securing GET /login
2025-07-14 12:40:08 [http-nio-8080-exec-3] DEBUG o.s.security.web.FilterChainProxy - Secured GET /login
2025-07-14 12:40:09 [http-nio-8080-exec-3] DEBUG o.s.s.w.a.AnonymousAuthenticationFilter - Set SecurityContextHolder to anonymous SecurityContext
2025-07-14 12:40:09 [http-nio-8080-exec-2] DEBUG o.s.security.web.FilterChainProxy - Securing GET /favicon.ico
2025-07-14 12:40:09 [http-nio-8080-exec-2] DEBUG o.s.security.web.FilterChainProxy - Secured GET /favicon.ico
2025-07-14 12:40:09 [http-nio-8080-exec-2] DEBUG o.s.s.w.a.AnonymousAuthenticationFilter - Set SecurityContextHolder to anonymous SecurityContext
2025-07-14 12:40:09 [http-nio-8080-exec-2] DEBUG o.s.security.web.FilterChainProxy - Securing GET /error
2025-07-14 12:40:09 [http-nio-8080-exec-2] DEBUG o.s.security.web.FilterChainProxy - Secured GET /error
2025-07-14 12:40:09 [http-nio-8080-exec-2] DEBUG o.s.s.w.a.AnonymousAuthenticationFilter - Set SecurityContextHolder to anonymous SecurityContext
2025-07-14 12:40:13 [http-nio-8080-exec-6] DEBUG o.s.security.web.FilterChainProxy - Securing POST /login
2025-07-14 12:40:15 [http-nio-8080-exec-6] DEBUG o.s.s.a.d.DaoAuthenticationProvider - Authenticated user
2025-07-14 12:40:15 [http-nio-8080-exec-6] DEBUG o.s.s.w.a.s.ChangeSessionIdAuthenticationStrategy - Changed session id from C8E264E8FE25B8D8803894EFA5D98D17
2025-07-14 12:40:15 [http-nio-8080-exec-6] DEBUG o.s.s.w.c.CsrfAuthenticationStrategy - Replaced CSRF Token
2025-07-14 12:40:15 [http-nio-8080-exec-6] DEBUG o.s.s.w.c.HttpSessionSecurityContextRepository - Stored SecurityContextImpl [Authentication=UsernamePasswordAuthenticationToken [Principal=com.cmms10.auth.dto.CustomUserDetails [Username=ADMIN, Password=[PROTECTED], Enabled=true, AccountNonExpired=true, CredentialsNonExpired=true, AccountNonLocked=true, Granted Authorities=[test]], Credentials=[PROTECTED], Authenticated=true, Details=WebAuthenticationDetails [RemoteIpAddress=0:0:0:0:0:0:0:1, SessionId=C8E264E8FE25B8D8803894EFA5D98D17], Granted Authorities=[test]]] to HttpSession [org.apache.catalina.session.StandardSessionFacade@4287468]
2025-07-14 12:40:15 [http-nio-8080-exec-6] DEBUG o.s.s.w.a.UsernamePasswordAuthenticationFilter - Set SecurityContextHolder to UsernamePasswordAuthenticationToken [Principal=com.cmms10.auth.dto.CustomUserDetails [Username=ADMIN, Password=[PROTECTED], Enabled=true, AccountNonExpired=true, CredentialsNonExpired=true, AccountNonLocked=true, Granted Authorities=[test]], Credentials=[PROTECTED], Authenticated=true, Details=WebAuthenticationDetails [RemoteIpAddress=0:0:0:0:0:0:0:1, SessionId=C8E264E8FE25B8D8803894EFA5D98D17], Granted Authorities=[test]]
2025-07-14 12:40:15 [http-nio-8080-exec-7] DEBUG o.s.security.web.FilterChainProxy - Securing GET /memo/memoList
2025-07-14 12:40:15 [http-nio-8080-exec-7] DEBUG o.s.s.w.c.HttpSessionSecurityContextRepository - Retrieved SecurityContextImpl [Authentication=UsernamePasswordAuthenticationToken [Principal=com.cmms10.auth.dto.CustomUserDetails [Username=ADMIN, Password=[PROTECTED], Enabled=true, AccountNonExpired=true, CredentialsNonExpired=true, AccountNonLocked=true, Granted Authorities=[test]], Credentials=[PROTECTED], Authenticated=true, Details=WebAuthenticationDetails [RemoteIpAddress=0:0:0:0:0:0:0:1, SessionId=C8E264E8FE25B8D8803894EFA5D98D17], Granted Authorities=[test]]]
2025-07-14 12:40:15 [http-nio-8080-exec-7] DEBUG o.s.security.web.FilterChainProxy - Secured GET /memo/memoList
2025-07-14 12:40:24 [http-nio-8080-exec-8] DEBUG o.s.security.web.FilterChainProxy - Securing GET /plantMaster/plantMasterForm
2025-07-14 12:40:24 [http-nio-8080-exec-8] DEBUG o.s.s.w.c.HttpSessionSecurityContextRepository - Retrieved SecurityContextImpl [Authentication=UsernamePasswordAuthenticationToken [Principal=com.cmms10.auth.dto.CustomUserDetails [Username=ADMIN, Password=[PROTECTED], Enabled=true, AccountNonExpired=true, CredentialsNonExpired=true, AccountNonLocked=true, Granted Authorities=[test]], Credentials=[PROTECTED], Authenticated=true, Details=WebAuthenticationDetails [RemoteIpAddress=0:0:0:0:0:0:0:1, SessionId=C8E264E8FE25B8D8803894EFA5D98D17], Granted Authorities=[test]]]
2025-07-14 12:40:24 [http-nio-8080-exec-8] DEBUG o.s.security.web.FilterChainProxy - Secured GET /plantMaster/plantMasterForm
2025-07-14 12:40:48 [http-nio-8080-exec-9] DEBUG o.s.security.web.FilterChainProxy - Securing GET /inventoryMaster/inventoryMasterForm
2025-07-14 12:40:48 [http-nio-8080-exec-9] DEBUG o.s.s.w.c.HttpSessionSecurityContextRepository - Retrieved SecurityContextImpl [Authentication=UsernamePasswordAuthenticationToken [Principal=com.cmms10.auth.dto.CustomUserDetails [Username=ADMIN, Password=[PROTECTED], Enabled=true, AccountNonExpired=true, CredentialsNonExpired=true, AccountNonLocked=true, Granted Authorities=[test]], Credentials=[PROTECTED], Authenticated=true, Details=WebAuthenticationDetails [RemoteIpAddress=0:0:0:0:0:0:0:1, SessionId=C8E264E8FE25B8D8803894EFA5D98D17], Granted Authorities=[test]]]
2025-07-14 12:40:48 [http-nio-8080-exec-9] DEBUG o.s.security.web.FilterChainProxy - Secured GET /inventoryMaster/inventoryMasterForm
2025-07-14 12:41:03 [http-nio-8080-exec-10] DEBUG o.s.security.web.FilterChainProxy - Securing GET /plantMaster/plantMasterForm
2025-07-14 12:41:03 [http-nio-8080-exec-10] DEBUG o.s.s.w.c.HttpSessionSecurityContextRepository - Retrieved SecurityContextImpl [Authentication=UsernamePasswordAuthenticationToken [Principal=com.cmms10.auth.dto.CustomUserDetails [Username=ADMIN, Password=[PROTECTED], Enabled=true, AccountNonExpired=true, CredentialsNonExpired=true, AccountNonLocked=true, Granted Authorities=[test]], Credentials=[PROTECTED], Authenticated=true, Details=WebAuthenticationDetails [RemoteIpAddress=0:0:0:0:0:0:0:1, SessionId=C8E264E8FE25B8D8803894EFA5D98D17], Granted Authorities=[test]]]
2025-07-14 12:41:03 [http-nio-8080-exec-10] DEBUG o.s.security.web.FilterChainProxy - Secured GET /plantMaster/plantMasterForm
2025-07-14 12:42:33 [http-nio-8080-exec-2] DEBUG o.s.security.web.FilterChainProxy - Securing GET /inspection/inspectionForm
2025-07-14 12:42:33 [http-nio-8080-exec-2] DEBUG o.s.s.w.c.HttpSessionSecurityContextRepository - Retrieved SecurityContextImpl [Authentication=UsernamePasswordAuthenticationToken [Principal=com.cmms10.auth.dto.CustomUserDetails [Username=ADMIN, Password=[PROTECTED], Enabled=true, AccountNonExpired=true, CredentialsNonExpired=true, AccountNonLocked=true, Granted Authorities=[test]], Credentials=[PROTECTED], Authenticated=true, Details=WebAuthenticationDetails [RemoteIpAddress=0:0:0:0:0:0:0:1, SessionId=C8E264E8FE25B8D8803894EFA5D98D17], Granted Authorities=[test]]]
2025-07-14 12:42:33 [http-nio-8080-exec-2] DEBUG o.s.security.web.FilterChainProxy - Secured GET /inspection/inspectionForm
